#
# A fatal error has been detected by the Java Runtime Environment:
#
#  EXCEPTION_ACCESS_VIOLATION (0xc0000005) at pc=0x00007ffd01ddaea4, pid=7408, tid=7360
#
# JRE version: Java(TM) SE Runtime Environment (8.0_66-b18) (build 1.8.0_66-b18)
# Java VM: Java HotSpot(TM) 64-Bit Server VM (25.66-b18 mixed mode windows-amd64 compressed oops)
# Problematic frame:
# C  [OPENGL32.dll+0xeaea4]
#
# Failed to write core dump. Minidumps are not enabled by default on client versions of Windows
#
# If you would like to submit a bug report, please visit:
#   http://bugreport.java.com/bugreport/crash.jsp
#

---------------  T H R E A D  ---------------

Current thread (0x0000000017357000):  VMThread [stack: 0x00000000183f0000,0x00000000184f0000] [id=7360]

siginfo: ExceptionCode=0xc0000005, reading address 0x0000000000000a38

Registers:
RAX=0x0000000000000000, RBX=0x0000000020c82510, RCX=0x0000000000000001, RDX=0x0000000020c82518
RSP=0x00000000184ef498, RBP=0x0000000000000000, RSI=0x0000000020c85110, RDI=0x0000000020c85110
R8 =0x00000000184ef518, R9 =0x0000000017266410, R10=0x00007ffd01ddae90, R11=0xffffffffffffffff
R12=0x0000000000000000, R13=0x0000000019c76da0, R14=0x0000000019c76c50, R15=0x0000000000000000
RIP=0x00007ffd01ddaea4, EFLAGS=0x0000000000010287

Top of Stack: (sp=0x00000000184ef498)
0x00000000184ef498:   00007ffd00ea244b 0000000000000001
0x00000000184ef4a8:   0000000020c82518 00000000184ef518
0x00000000184ef4b8:   0000000017266410 0000000000000000
0x00000000184ef4c8:   00007ffd00ea7f17 0000000000000030
0x00000000184ef4d8:   00000000026e0738 0000000019c76d80
0x00000000184ef4e8:   00007ffd00ea7283 fffffffffffffffe
0x00000000184ef4f8:   00000000184ef560 0000000000000000
0x00000000184ef508:   00007ffd00ea87c9 0000000020c85110
0x00000000184ef518:   0000000020c84dd0 00007ffd00f91940
0x00000000184ef528:   00007ffd00f25700 fffffffffffffffe
0x00000000184ef538:   0000000019c792a0 0000000000000001
0x00000000184ef548:   0000000019c76d78 0000000019c76c50
0x00000000184ef558:   00007ffd00f2d7ad 00007ffd010665b0
0x00000000184ef568:   00007ffd00f91930 0000000017266410
0x00000000184ef578:   0000000000000002 0000000019c76d78
0x00000000184ef588:   0000000019c76c50 0000000019c76c50 

Instructions: (pc=0x00007ffd01ddaea4)
0x00007ffd01ddae84:   cc cc cc cc cc cc 66 0f 1f 44 00 00 8b 05 72 f1
0x00007ffd01ddae94:   00 00 83 f8 40 73 0f 65 48 8b 04 c5 80 14 00 00
0x00007ffd01ddaea4:   ff a0 38 0a 00 00 b8 47 01 00 00 e9 ec d4 ff ff
0x00007ffd01ddaeb4:   cc cc cc cc cc cc 66 0f 1f 44 00 00 8b 05 42 f1 


Register to memory mapping:

RAX=0x0000000000000000 is an unknown value
RBX=0x0000000020c82510 is an unknown value
RCX=0x0000000000000001 is an unknown value
RDX=0x0000000020c82518 is an unknown value
RSP=0x00000000184ef498 is an unknown value
RBP=0x0000000000000000 is an unknown value
RSI=0x0000000020c85110 is an unknown value
RDI=0x0000000020c85110 is an unknown value
R8 =0x00000000184ef518 is an unknown value
R9 =0x0000000017266410 is an unknown value
R10=0x00007ffd01ddae90 is an unknown value
R11=0xffffffffffffffff is an unknown value
R12=0x0000000000000000 is an unknown value
R13=0x0000000019c76da0 is an unknown value
R14=0x0000000019c76c50 is an unknown value
R15=0x0000000000000000 is an unknown value


Stack: [0x00000000183f0000,0x00000000184f0000],  sp=0x00000000184ef498,  free space=1021k
Native frames: (J=compiled Java code, j=interpreted, Vv=VM code, C=native code)

VM_Operation (0x00000000025fedd0): Exit, mode: safepoint, requested by thread 0x00000000026f0800


---------------  P R O C E S S  ---------------

Java Threads: ( => current thread )
  0x00000000192be800 JavaThread "Thread-3" daemon [_thread_in_native, id=7396, stack(0x000000001e450000,0x000000001e550000)]
  0x0000000018f45000 JavaThread "Service Thread" daemon [_thread_blocked, id=7528, stack(0x0000000019330000,0x0000000019430000)]
  0x0000000017398000 JavaThread "C1 CompilerThread2" daemon [_thread_blocked, id=7556, stack(0x0000000018e30000,0x0000000018f30000)]
  0x0000000017395000 JavaThread "C2 CompilerThread1" daemon [_thread_blocked, id=2380, stack(0x0000000018d30000,0x0000000018e30000)]
  0x000000001738e000 JavaThread "C2 CompilerThread0" daemon [_thread_blocked, id=7524, stack(0x0000000018c30000,0x0000000018d30000)]
  0x000000001738c800 JavaThread "Attach Listener" daemon [_thread_blocked, id=4640, stack(0x0000000018b30000,0x0000000018c30000)]
  0x000000001738b800 JavaThread "Signal Dispatcher" daemon [_thread_blocked, id=7532, stack(0x0000000018a30000,0x0000000018b30000)]
  0x00000000027e6800 JavaThread "Finalizer" daemon [_thread_blocked, id=7444, stack(0x00000000185f0000,0x00000000186f0000)]
  0x00000000027de800 JavaThread "Reference Handler" daemon [_thread_blocked, id=7480, stack(0x00000000184f0000,0x00000000185f0000)]
  0x00000000026f0800 JavaThread "main" [_thread_blocked, id=1304, stack(0x0000000002500000,0x0000000002600000)]

Other Threads:
=>0x0000000017357000 VMThread [stack: 0x00000000183f0000,0x00000000184f0000] [id=7360]

VM state:at safepoint (shutting down)

VM Mutex/Monitor currently owned by a thread:  ([mutex/lock_event])
[0x00000000026ec240] Threads_lock - owner thread: 0x0000000017357000

Heap:
 PSYoungGen      total 38400K, used 28872K [0x00000000d5a00000, 0x00000000d8480000, 0x0000000100000000)
  eden space 33280K, 86% used [0x00000000d5a00000,0x00000000d7632200,0x00000000d7a80000)
  from space 5120K, 0% used [0x00000000d7f80000,0x00000000d7f80000,0x00000000d8480000)
  to   space 5120K, 0% used [0x00000000d7a80000,0x00000000d7a80000,0x00000000d7f80000)
 ParOldGen       total 87552K, used 0K [0x0000000080e00000, 0x0000000086380000, 0x00000000d5a00000)
  object space 87552K, 0% used [0x0000000080e00000,0x0000000080e00000,0x0000000086380000)
 Metaspace       used 6652K, capacity 6761K, committed 6912K, reserved 1056768K
  class space    used 641K, capacity 663K, committed 768K, reserved 1048576K

Card table byte_map: [0x0000000011bb0000,0x0000000011fb0000] byte_map_base: 0x00000000117a9000

Marking Bits: (ParMarkBitMap*) 0x000000005d3fa5b0
 Begin Bits: [0x0000000012660000, 0x0000000014628000)
 End Bits:   [0x0000000014628000, 0x00000000165f0000)

Polling page: 0x0000000000bd0000

CodeCache: size=245760Kb used=3726Kb max_used=3726Kb free=242033Kb
 bounds [0x00000000027f0000, 0x0000000002ba0000, 0x00000000117f0000]
 total_blobs=1225 nmethods=811 adapters=327
 compilation: enabled

Compilation events (10 events):
Event: 116.169 Thread 0x0000000017398000  808       3       net.java.games.input.RawInputEventQueue::addMouseEvent (34 bytes)
Event: 116.169 Thread 0x0000000017398000 nmethod 808 0x0000000002b91c50 code [0x0000000002b91dc0, 0x0000000002b920d8]
Event: 116.169 Thread 0x0000000017398000  809  s    3       net.java.games.input.RawDevice::addMouseEvent (42 bytes)
Event: 116.170 Thread 0x0000000017398000 nmethod 809 0x0000000002b909d0 code [0x0000000002b90b80, 0x0000000002b916e8]
Event: 117.525 Thread 0x0000000017398000  810       3       java.io.WinNTFileSystem::resolve (231 bytes)
Event: 117.526 Thread 0x0000000017398000 nmethod 810 0x0000000002b92e90 code [0x0000000002b93160, 0x0000000002b949a8]
Event: 117.526 Thread 0x0000000017398000  811   !   3       java.lang.ClassLoader::getPackage (118 bytes)
Event: 117.527 Thread 0x0000000017398000 nmethod 811 0x0000000002b95550 code [0x0000000002b95720, 0x0000000002b96228]
Event: 117.527 Thread 0x0000000017398000  812       1       java.util.logging.LogManager$LoggerContext::getOwner (5 bytes)
Event: 117.528 Thread 0x0000000017398000 nmethod 812 0x0000000002b90710 code [0x0000000002b90860, 0x0000000002b90970]

GC Heap History (0 events):
No events

Deoptimization events (10 events):
Event: 0.528 Thread 0x00000000026f0800 Uncommon trap: reason=unstable_if action=reinterpret pc=0x00000000029d0c20 method=java.lang.String.<init>([CII)V @ 18
Event: 1.646 Thread 0x00000000026f0800 Uncommon trap: reason=unstable_if action=reinterpret pc=0x0000000002b07fe8 method=org.newdawn.slick.GameContainer.updateFPS()V @ 13
Event: 1.944 Thread 0x00000000026f0800 Uncommon trap: reason=unstable_if action=reinterpret pc=0x0000000002b0a218 method=org.lwjgl.opengl.WindowsKeyboard.flushRetained()V @ 4
Event: 1.944 Thread 0x00000000026f0800 Uncommon trap: reason=unstable_if action=reinterpret pc=0x0000000002af2ad4 method=org.lwjgl.input.Keyboard.readNext(Lorg/lwjgl/input/Keyboard$KeyEvent;)Z @ 6
Event: 1.944 Thread 0x00000000026f0800 Uncommon trap: reason=unstable_if action=reinterpret pc=0x0000000002af83a8 method=org.newdawn.slick.Input.poll(II)V @ 209
Event: 1.944 Thread 0x00000000026f0800 Uncommon trap: reason=unstable_if action=reinterpret pc=0x0000000002b15354 method=fr.licornesduswag.ui.MainPersonnage.render(Lorg/newdawn/slick/GameContainer;Lorg/newdawn/slick/Graphics;)V @ 58
Event: 1.944 Thread 0x00000000026f0800 Uncommon trap: reason=unstable_if action=reinterpret pc=0x0000000002b0f1d4 method=org.newdawn.slick.Animation.draw(FFFFLorg/newdawn/slick/Color;)V @ 37
Event: 2.367 Thread 0x00000000026f0800 Uncommon trap: reason=unstable_if action=reinterpret pc=0x0000000002b45594 method=org.lwjgl.input.Keyboard.next()Z @ 30
Event: 117.515 Thread 0x00000000026f0800 Uncommon trap: reason=unstable_if action=reinterpret pc=0x0000000002b3d904 method=org.newdawn.slick.AppGameContainer.gameLoop()V @ 60
Event: 117.515 Thread 0x00000000026f0800 Uncommon trap: reason=unstable_if action=reinterpret pc=0x0000000002b40184 method=org.newdawn.slick.AppGameContainer.start()V @ 13

Internal exceptions (7 events):
Event: 0.023 Thread 0x00000000026f0800 Exception <a 'java/lang/NoSuchMethodError': Method sun.misc.Unsafe.defineClass(Ljava/lang/String;[BII)Ljava/lang/Class; name or signature does not match> (0x00000000d5a0d7e8) thrown at [C:\re\workspace\8-2-build-windows-amd64-cygwin\jdk8u66\5298\hotspot\srTF2x7—?
Event: 0.023 Thread 0x00000000026f0800 Exception <a 'java/lang/NoSuchMethodError': Method sun.misc.Unsafe.prefetchRead(Ljava/lang/Object;J)V name or signature does not match> (0x00000000d5a0dad0) thrown at [C:\re\workspace\8-2-build-windows-amd64-cygwin\jdk8u66\5298\hotspot\src\share\vm\prims\jÂ­“4×Ê¹?
Event: 0.101 Thread 0x00000000026f0800 Exception <a 'java/security/PrivilegedActionException'> (0x00000000d5d20100) thrown at [C:\re\workspace\8-2-build-windows-amd64-cygwin\jdk8u66\5298\hotspot\src\share\vm\prims\jvm.cpp, line 1386]
Event: 0.101 Thread 0x00000000026f0800 Exception <a 'java/security/PrivilegedActionException'> (0x00000000d5d20310) thrown at [C:\re\workspace\8-2-build-windows-amd64-cygwin\jdk8u66\5298\hotspot\src\share\vm\prims\jvm.cpp, line 1386]
Event: 0.101 Thread 0x00000000026f0800 Exception <a 'java/security/PrivilegedActionException'> (0x00000000d5d23eb8) thrown at [C:\re\workspace\8-2-build-windows-amd64-cygwin\jdk8u66\5298\hotspot\src\share\vm\prims\jvm.cpp, line 1386]
Event: 0.101 Thread 0x00000000026f0800 Exception <a 'java/security/PrivilegedActionException'> (0x00000000d5d240c8) thrown at [C:\re\workspace\8-2-build-windows-amd64-cygwin\jdk8u66\5298\hotspot\src\share\vm\prims\jvm.cpp, line 1386]
Event: 0.106 Thread 0x00000000026f0800 Exception <a 'java/io/FileNotFoundException'> (0x00000000d5d36840) thrown at [C:\re\workspace\8-2-build-windows-amd64-cygwin\jdk8u66\5298\hotspot\src\share\vm\prims\jni.cpp, line 709]

Events (10 events):
Event: 117.527 loading class java/util/IdentityHashMap$KeySet done
Event: 117.527 loading class java/util/IdentityHashMap$KeyIterator
Event: 117.527 loading class java/util/IdentityHashMap$IdentityHashMapIterator
Event: 117.527 loading class java/util/IdentityHashMap$IdentityHashMapIterator done
Event: 117.527 loading class java/util/IdentityHashMap$KeyIterator done
Event: 117.527 Thread 0x0000000018ff3800 Thread added: 0x0000000018ff3800
Event: 117.527 Thread 0x0000000018ff4800 Thread added: 0x0000000018ff4800
Event: 117.527 Thread 0x0000000018ff4800 Thread exited: 0x0000000018ff4800
Event: 117.528 Thread 0x0000000018ff3800 Thread exited: 0x0000000018ff3800
Event: 117.528 Executing VM operation: Exit


Dynamic libraries:
0x00007ff743b50000 - 0x00007ff743b87000 	C:\Program Files\Java\jre1.8.0_66\bin\javaw.exe
0x00007ffd1c810000 - 0x00007ffd1c9bc000 	C:\Windows\SYSTEM32\ntdll.dll
0x00007ffd1c4f0000 - 0x00007ffd1c62e000 	C:\Windows\system32\KERNEL32.DLL
0x00007ffd19b90000 - 0x00007ffd19ca5000 	C:\Windows\system32\KERNELBASE.dll
0x00007ffd18500000 - 0x00007ffd1858e000 	C:\Windows\system32\apphelp.dll
0x00007ffd05e80000 - 0x00007ffd05ed3000 	C:\Windows\AppPatch\AppPatch64\AcGenral.DLL
0x00007ffd1a1f0000 - 0x00007ffd1a29a000 	C:\Windows\system32\msvcrt.dll
0x00007ffd19800000 - 0x00007ffd1982e000 	C:\Windows\SYSTEM32\SspiCli.dll
0x00007ffd1be80000 - 0x00007ffd1bed4000 	C:\Windows\system32\SHLWAPI.dll
0x00007ffd19ec0000 - 0x00007ffd1a037000 	C:\Windows\system32\USER32.dll
0x00007ffd1bb80000 - 0x00007ffd1bd14000 	C:\Windows\system32\ole32.dll
0x00007ffd1a2a0000 - 0x00007ffd1b7cb000 	C:\Windows\system32\SHELL32.dll
0x00007ffd18f80000 - 0x00007ffd18fa1000 	C:\Windows\SYSTEM32\USERENV.dll
0x00007ffd1c630000 - 0x00007ffd1c6da000 	C:\Windows\system32\ADVAPI32.dll
0x00007ffd0f460000 - 0x00007ffd0f47e000 	C:\Windows\SYSTEM32\MPR.dll
0x00007ffd1bd20000 - 0x00007ffd1be61000 	C:\Windows\system32\RPCRT4.dll
0x00007ffd1bee0000 - 0x00007ffd1bf39000 	C:\Windows\SYSTEM32\sechost.dll
0x00007ffd1c120000 - 0x00007ffd1c331000 	C:\Windows\SYSTEM32\combase.dll
0x00007ffd1a040000 - 0x00007ffd1a190000 	C:\Windows\system32\GDI32.dll
0x00007ffd19960000 - 0x00007ffd19975000 	C:\Windows\SYSTEM32\profapi.dll
0x00007ffd17e80000 - 0x00007ffd17f32000 	C:\Windows\SYSTEM32\SHCORE.dll
0x00007ffd1b860000 - 0x00007ffd1b896000 	C:\Windows\system32\IMM32.DLL
0x00007ffd1ba20000 - 0x00007ffd1bb72000 	C:\Windows\system32\MSCTF.dll
0x00007ffd175a0000 - 0x00007ffd1781b000 	C:\Windows\WinSxS\amd64_microsoft.windows.common-controls_6595b64144ccf1df_6.0.9600.18006_none_623f33d3ecbe86e8\COMCTL32.dll
0x000000005bea0000 - 0x000000005bf72000 	C:\Program Files\Java\jre1.8.0_66\bin\msvcr100.dll
0x000000005cbf0000 - 0x000000005d479000 	C:\Program Files\Java\jre1.8.0_66\bin\server\jvm.dll
0x00007ffd11fd0000 - 0x00007ffd11fd9000 	C:\Windows\SYSTEM32\WSOCK32.dll
0x00007ffd17240000 - 0x00007ffd17262000 	C:\Windows\SYSTEM32\WINMM.dll
0x00007ffd17420000 - 0x00007ffd1742a000 	C:\Windows\SYSTEM32\VERSION.dll
0x00007ffd1b840000 - 0x00007ffd1b847000 	C:\Windows\system32\PSAPI.DLL
0x00007ffd1a190000 - 0x00007ffd1a1ea000 	C:\Windows\system32\WS2_32.dll
0x00007ffd170f0000 - 0x00007ffd1711a000 	C:\Windows\SYSTEM32\WINMMBASE.dll
0x00007ffd19e90000 - 0x00007ffd19e99000 	C:\Windows\system32\NSI.dll
0x00007ffd19b40000 - 0x00007ffd19b8f000 	C:\Windows\SYSTEM32\cfgmgr32.dll
0x00007ffd18780000 - 0x00007ffd187a8000 	C:\Windows\SYSTEM32\DEVOBJ.dll
0x000000005cbe0000 - 0x000000005cbef000 	C:\Program Files\Java\jre1.8.0_66\bin\verify.dll
0x000000005cbb0000 - 0x000000005cbd9000 	C:\Program Files\Java\jre1.8.0_66\bin\java.dll
0x000000005cb90000 - 0x000000005cba6000 	C:\Program Files\Java\jre1.8.0_66\bin\zip.dll
0x0000000180000000 - 0x0000000180051000 	C:\Users\Moi\Desktop\GIT24\24hcode\24hcode\target\natives\lwjgl64.dll
0x00007ffd01cf0000 - 0x00007ffd01e1b000 	C:\Windows\SYSTEM32\OPENGL32.dll
0x00007ffd080c0000 - 0x00007ffd080ee000 	C:\Windows\SYSTEM32\GLU32.dll
0x00007ffd02a50000 - 0x00007ffd02b48000 	C:\Windows\SYSTEM32\DDRAW.dll
0x00007ffd0f450000 - 0x00007ffd0f459000 	C:\Windows\SYSTEM32\DCIMAN32.dll
0x00007ffd185d0000 - 0x00007ffd186f9000 	C:\Windows\system32\uxtheme.dll
0x00007ffd029e0000 - 0x00007ffd02a08000 	C:\Program Files (x86)\Raptr\ltc_help64-106568.dll
0x00007ffd19a30000 - 0x00007ffd19a81000 	C:\Windows\system32\WINTRUST.dll
0x00007ffd19cb0000 - 0x00007ffd19e8f000 	C:\Windows\system32\CRYPT32.dll
0x00007ffd19a10000 - 0x00007ffd19a21000 	C:\Windows\system32\MSASN1.dll
0x00007ffd13430000 - 0x00007ffd134db000 	C:\Program Files\Common Files\microsoft shared\ink\tiptsf.dll
0x00007ffd1c740000 - 0x00007ffd1c801000 	C:\Windows\system32\OLEAUT32.dll
0x00007ffd184b0000 - 0x00007ffd184d1000 	C:\Windows\system32\dwmapi.dll
0x00007ffd08200000 - 0x00007ffd08218000 	C:\Windows\SYSTEM32\atig6pxx.dll
0x000000005a000000 - 0x000000005be98000 	C:\Windows\SYSTEM32\atio6axx.dll
0x00007ffd1bf40000 - 0x00007ffd1c11a000 	C:\Windows\system32\SETUPAPI.dll
0x00007ffd03490000 - 0x00007ffd035d8000 	C:\Windows\SYSTEM32\atiadlxx.dll
0x00007ffd15190000 - 0x00007ffd1530f000 	C:\Windows\SYSTEM32\PROPSYS.dll
0x00007ffd184e0000 - 0x00007ffd184f2000 	C:\Windows\SYSTEM32\WTSAPI32.dll
0x00007ffd14cd0000 - 0x00007ffd14cfa000 	C:\Windows\SYSTEM32\IPHLPAPI.DLL
0x00007ffd14b70000 - 0x00007ffd14b7a000 	C:\Windows\SYSTEM32\WINNSI.DLL
0x00007ffd07d30000 - 0x00007ffd07d5c000 	C:\Windows\SYSTEM32\atig6txx.dll
0x00007ffd18750000 - 0x00007ffd1875b000 	C:\Windows\SYSTEM32\kernel.appcore.dll
0x00007ffd198a0000 - 0x00007ffd198ab000 	C:\Windows\SYSTEM32\CRYPTBASE.dll
0x00007ffd19830000 - 0x00007ffd19893000 	C:\Windows\SYSTEM32\bcryptPrimitives.dll
0x00007ffd16a70000 - 0x00007ffd16ada000 	C:\Windows\SYSTEM32\oleacc.dll
0x00007ffd03fc0000 - 0x00007ffd04052000 	C:\Windows\SYSTEM32\mscms.dll
0x00007ffd05e30000 - 0x00007ffd05e71000 	C:\Windows\SYSTEM32\icm32.dll
0x00007ffd1b960000 - 0x00007ffd1ba16000 	C:\Windows\SYSTEM32\clbcatq.dll
0x000000005c8d0000 - 0x000000005ca68000 	C:\Program Files\Java\jre1.8.0_66\bin\awt.dll
0x0000000019a70000 - 0x0000000019a86000 	C:\Users\Moi\Desktop\GIT24\24hcode\24hcode\target\natives\jinput-dx8_64.dll
0x00007ffd05ba0000 - 0x00007ffd05be2000 	C:\Windows\SYSTEM32\DINPUT8.dll
0x00007ffd18b20000 - 0x00007ffd18b2d000 	C:\Windows\SYSTEM32\HID.DLL
0x0000000019ad0000 - 0x0000000019ae4000 	C:\Users\Moi\Desktop\GIT24\24hcode\24hcode\target\natives\jinput-raw_64.dll
0x00007ffd192a0000 - 0x00007ffd192c0000 	C:\Windows\system32\CRYPTSP.dll
0x00007ffd18e70000 - 0x00007ffd18ea6000 	C:\Windows\system32\rsaenh.dll
0x00007ffd194f0000 - 0x00007ffd19516000 	C:\Windows\SYSTEM32\bcrypt.dll
0x00007ffd19ea0000 - 0x00007ffd19eb6000 	C:\Windows\system32\imagehlp.dll
0x00007ffd194c0000 - 0x00007ffd194e5000 	C:\Windows\system32\ncrypt.dll
0x00007ffd19480000 - 0x00007ffd194b7000 	C:\Windows\system32\NTASN1.dll
0x00007ffd18af0000 - 0x00007ffd18b14000 	C:\Windows\SYSTEM32\gpapi.dll
0x00007ffd02a10000 - 0x00007ffd02a49000 	C:\Windows\System32\cryptnet.dll
0x00007ffd1c6e0000 - 0x00007ffd1c73c000 	C:\Windows\system32\WLDAP32.dll
0x00007ffd00e40000 - 0x00007ffd01088000 	C:\PROGRA~2\Raptr\ltc_game64-106568.dll
0x00007ffd08e10000 - 0x00007ffd08f99000 	C:\Windows\SYSTEM32\dbghelp.dll

VM Arguments:
jvm_args: -Djava.library.path=target/natives -Dfile.encoding=UTF-8 
java_command: fr.licornesduswag.ui.MainPersonnage
java_class_path (initial): C:\Users\Moi\Desktop\GIT24\24hcode\24hcode\target\classes;C:\Users\Moi\.m2\repository\org\slick2d\slick2d-core\1.0.1\slick2d-core-1.0.1.jar;C:\Users\Moi\.m2\repository\org\lwjgl\lwjgl\lwjgl\2.9.1\lwjgl-2.9.1.jar;C:\Users\Moi\.m2\repository\org\lwjgl\lwjgl\lwjgl-platform\2.9.1\lwjgl-platform-2.9.1-natives-windows.jar;C:\Users\Moi\.m2\repository\org\lwjgl\lwjgl\lwjgl-platform\2.9.1\lwjgl-platform-2.9.1-natives-linux.jar;C:\Users\Moi\.m2\repository\org\lwjgl\lwjgl\lwjgl-platform\2.9.1\lwjgl-platform-2.9.1-natives-osx.jar;C:\Users\Moi\.m2\repository\net\java\jinput\jinput\2.0.5\jinput-2.0.5.jar;C:\Users\Moi\.m2\repository\net\java\jutils\jutils\1.0.0\jutils-1.0.0.jar;C:\Users\Moi\.m2\repository\net\java\jinput\jinput-platform\2.0.5\jinput-platform-2.0.5-natives-linux.jar;C:\Users\Moi\.m2\repository\net\java\jinput\jinput-platform\2.0.5\jinput-platform-2.0.5-natives-windows.jar;C:\Users\Moi\.m2\repository\net\java\jinput\jinput-platform\2.0.5\jinput-platform-2.0.5-natives-osx.jar;C:\Users\Moi\.m2\repository\org\jcraft\jorbis\0.0.17\jorbis-0.0.17.jar;C:\Users\Moi\.m2\repository\org\slick2d\slick2d-basic-game-archetype\1.0.1\slick2d-basic-game-archetype-1.0.1.jar;C:\Users\Moi\.m2\repository\io\herrmann\java-generator-functions\1.0\java-generator-functions-1.0.jar
Launcher Type: SUN_STANDARD

Environment Variables:
PATH=C:/Program Files/Java/jre1.8.0_66/bin/server;C:/Program Files/Java/jre1.8.0_66/bin;C:/Program Files/Java/jre1.8.0_66/lib/amd64;C:\Program Files (x86)\NVIDIA Corporation\PhysX\Common;C:\ProgramData\Oracle\Java\javapath;C:\Windows\system32;C:\Windows;C:\Windows\System32\Wbem;C:\Windows\System32\WindowsPowerShell\v1.0\;C:\Program Files (x86)\Common Files\Seagate\SnapAPI\;C:\Program Files (x86)\AMD\ATI.ACE\Core-Static;C:\Windows\system32\config\systemprofile\.dnx\bin;C:\Program Files\Microsoft DNX\Dnvm\;C:\Program Files (x86)\Microsoft SQL Server\100\Tools\Binn\;C:\Program Files\Microsoft SQL Server\100\Tools\Binn\;C:\Program Files\Microsoft SQL Server\100\DTS\Binn\;C:\Program Files (x86)\Windows Live\Shared;C:\Program Files\nodejs\;C:\Program Files (x86)\Skype\Phone\;C:\Users\Moi\AppData\Roaming\npm;C:\Windows\system32;
USERNAME=Moi
OS=Windows_NT
PROCESSOR_IDENTIFIER=Intel64 Family 6 Model 60 Stepping 3, GenuineIntel



---------------  S Y S T E M  ---------------

OS: Windows 8.1 , 64 bit Build 9600 (6.3.9600.17415)

CPU:total 4 (4 cores per cpu, 1 threads per core) family 6 model 60 stepping 3, cmov, cx8, fxsr, mmx, sse, sse2, sse3, ssse3, sse4.1, sse4.2, popcnt, avx, avx2, aes, clmul, erms, rtm, lzcnt, tsc, tscinvbit, bmi1, bmi2

Memory: 4k page, physical 8329312k(3884504k free), swap 12523616k(6577096k free)

vm_info: Java HotSpot(TM) 64-Bit Server VM (25.66-b18) for windows-amd64 JRE (1.8.0_66-b18), built on Nov  9 2015 10:51:13 by "java_re" with MS VC++ 10.0 (VS2010)

time: Sat Jan 23 23:02:03 2016
elapsed time: 117 seconds (0d 0h 1m 57s)

