#
# A fatal error has been detected by the Java Runtime Environment:
#
#  EXCEPTION_ACCESS_VIOLATION (0xc0000005) at pc=0x00007ffd01ddaea4, pid=7380, tid=8060
#
# JRE version: Java(TM) SE Runtime Environment (8.0_66-b18) (build 1.8.0_66-b18)
# Java VM: Java HotSpot(TM) 64-Bit Server VM (25.66-b18 mixed mode windows-amd64 compressed oops)
# Problematic frame:
# C  [OPENGL32.dll+0xeaea4]
#
# Failed to write core dump. Minidumps are not enabled by default on client versions of Windows
#
# If you would like to submit a bug report, please visit:
#   http://bugreport.java.com/bugreport/crash.jsp
#

---------------  T H R E A D  ---------------

Current thread (0x00000000170e7000):  VMThread [stack: 0x0000000018190000,0x0000000018290000] [id=8060]

siginfo: ExceptionCode=0xc0000005, reading address 0x0000000000000a38

Registers:
RAX=0x0000000000000000, RBX=0x000000001ff824f0, RCX=0x0000000000000001, RDX=0x000000001ff824f8
RSP=0x000000001828f208, RBP=0x0000000000000000, RSI=0x000000001ff838f0, RDI=0x000000001ff838f0
R8 =0x000000001828f288, R9 =0x0000000016ff6510, R10=0x00007ffd01ddae90, R11=0xffffffffffffffff
R12=0x0000000000000000, R13=0x000000001f646dd0, R14=0x000000001f646c80, R15=0x0000000000000000
RIP=0x00007ffd01ddaea4, EFLAGS=0x0000000000010287

Top of Stack: (sp=0x000000001828f208)
0x000000001828f208:   00007ffd00ea244b 0000000000000001
0x000000001828f218:   000000001ff824f8 000000001828f288
0x000000001828f228:   0000000016ff6510 0000000000000000
0x000000001828f238:   00007ffd00ea7f17 0000000000000030
0x000000001828f248:   0000000002570738 000000001f646db0
0x000000001828f258:   00007ffd00ea7283 fffffffffffffffe
0x000000001828f268:   000000001828f2d0 0000000000000000
0x000000001828f278:   00007ffd00ea87c9 000000001ff838f0
0x000000001828f288:   000000001ff85f30 00007ffd00f91940
0x000000001828f298:   00007ffd00f25700 fffffffffffffffe
0x000000001828f2a8:   000000001f6492d0 0000000000000001
0x000000001828f2b8:   000000001f646da8 000000001f646c80
0x000000001828f2c8:   00007ffd00f2d7ad 00007ffd010665b0
0x000000001828f2d8:   00007ffd00f91930 0000000016ff6510
0x000000001828f2e8:   0000000000000002 000000001f646da8
0x000000001828f2f8:   000000001f646c80 000000001f646c80 

Instructions: (pc=0x00007ffd01ddaea4)
0x00007ffd01ddae84:   cc cc cc cc cc cc 66 0f 1f 44 00 00 8b 05 72 f1
0x00007ffd01ddae94:   00 00 83 f8 40 73 0f 65 48 8b 04 c5 80 14 00 00
0x00007ffd01ddaea4:   ff a0 38 0a 00 00 b8 47 01 00 00 e9 ec d4 ff ff
0x00007ffd01ddaeb4:   cc cc cc cc cc cc 66 0f 1f 44 00 00 8b 05 42 f1 


Register to memory mapping:

RAX=0x0000000000000000 is an unknown value
RBX=0x000000001ff824f0 is an unknown value
RCX=0x0000000000000001 is an unknown value
RDX=0x000000001ff824f8 is an unknown value
RSP=0x000000001828f208 is an unknown value
RBP=0x0000000000000000 is an unknown value
RSI=0x000000001ff838f0 is an unknown value
RDI=0x000000001ff838f0 is an unknown value
R8 =0x000000001828f288 is an unknown value
R9 =0x0000000016ff6510 is an unknown value
R10=0x00007ffd01ddae90 is an unknown value
R11=0xffffffffffffffff is an unknown value
R12=0x0000000000000000 is an unknown value
R13=0x000000001f646dd0 is an unknown value
R14=0x000000001f646c80 is an unknown value
R15=0x0000000000000000 is an unknown value


Stack: [0x0000000018190000,0x0000000018290000],  sp=0x000000001828f208,  free space=1020k
Native frames: (J=compiled Java code, j=interpreted, Vv=VM code, C=native code)

VM_Operation (0x0000000000c5f1c0): Exit, mode: safepoint, requested by thread 0x00000000023d0800


---------------  P R O C E S S  ---------------

Java Threads: ( => current thread )
  0x000000001959b000 JavaThread "AWT-Shutdown" [_thread_blocked, id=6328, stack(0x000000001f990000,0x000000001fa90000)]
  0x000000001e58e000 JavaThread "Thread-7" daemon [_thread_blocked, id=7000, stack(0x000000001f510000,0x000000001f610000)]
  0x0000000019ab9800 JavaThread "Java2D Disposer" daemon [_thread_blocked, id=8048, stack(0x000000001f690000,0x000000001f790000)]
  0x00000000197c3000 JavaThread "Thread-3" daemon [_thread_in_native, id=6812, stack(0x000000001e210000,0x000000001e310000)]
  0x000000001717d800 JavaThread "Service Thread" daemon [_thread_blocked, id=2936, stack(0x00000000190d0000,0x00000000191d0000)]
  0x0000000017128000 JavaThread "C1 CompilerThread2" daemon [_thread_blocked, id=6240, stack(0x0000000018bd0000,0x0000000018cd0000)]
  0x0000000017121000 JavaThread "C2 CompilerThread1" daemon [_thread_blocked, id=2196, stack(0x0000000018ad0000,0x0000000018bd0000)]
  0x000000001711e000 JavaThread "C2 CompilerThread0" daemon [_thread_blocked, id=7504, stack(0x00000000189d0000,0x0000000018ad0000)]
  0x000000001711c000 JavaThread "Attach Listener" daemon [_thread_blocked, id=6400, stack(0x00000000188d0000,0x00000000189d0000)]
  0x00000000024c7000 JavaThread "Finalizer" daemon [_thread_blocked, id=620, stack(0x0000000018390000,0x0000000018490000)]
  0x00000000024be000 JavaThread "Reference Handler" daemon [_thread_blocked, id=7648, stack(0x0000000018290000,0x0000000018390000)]
  0x00000000023d0800 JavaThread "main" [_thread_blocked, id=5316, stack(0x0000000000b60000,0x0000000000c60000)]

Other Threads:
=>0x00000000170e7000 VMThread [stack: 0x0000000018190000,0x0000000018290000] [id=8060]

VM state:at safepoint (shutting down)

VM Mutex/Monitor currently owned by a thread:  ([mutex/lock_event])
[0x000000000257c840] Threads_lock - owner thread: 0x00000000170e7000

Heap:
 PSYoungGen      total 24576K, used 13122K [0x00000000d5a00000, 0x00000000d7700000, 0x0000000100000000)
  eden space 24064K, 54% used [0x00000000d5a00000,0x00000000d66c0a18,0x00000000d7180000)
  from space 512K, 12% used [0x00000000d7680000,0x00000000d7690000,0x00000000d7700000)
  to   space 512K, 0% used [0x00000000d7600000,0x00000000d7600000,0x00000000d7680000)
 ParOldGen       total 87552K, used 19432K [0x0000000080e00000, 0x0000000086380000, 0x00000000d5a00000)
  object space 87552K, 22% used [0x0000000080e00000,0x00000000820fa180,0x0000000086380000)
 Metaspace       used 12416K, capacity 12745K, committed 12928K, reserved 1060864K
  class space    used 1299K, capacity 1404K, committed 1408K, reserved 1048576K

Card table byte_map: [0x0000000011940000,0x0000000011d40000] byte_map_base: 0x0000000011539000

Marking Bits: (ParMarkBitMap*) 0x000000005d3fa5b0
 Begin Bits: [0x00000000123f0000, 0x00000000143b8000)
 End Bits:   [0x00000000143b8000, 0x0000000016380000)

Polling page: 0x0000000000a10000

CodeCache: size=245760Kb used=7334Kb max_used=7338Kb free=238425Kb
 bounds [0x0000000002580000, 0x0000000002cb0000, 0x0000000011580000]
 total_blobs=2288 nmethods=1710 adapters=491
 compilation: enabled

Compilation events (10 events):
Event: 757.581 Thread 0x0000000017128000 1706       3       java.util.concurrent.ConcurrentHashMap$Node::<init> (26 bytes)
Event: 757.581 Thread 0x0000000017128000 nmethod 1706 0x0000000002caddd0 code [0x0000000002cadf20, 0x0000000002cae110]
Event: 757.584 Thread 0x0000000017128000 1708       1       java.util.logging.LogManager::access$500 (5 bytes)
Event: 757.584 Thread 0x0000000017128000 nmethod 1708 0x0000000002cadb10 code [0x0000000002cadc60, 0x0000000002cadd50]
Event: 757.584 Thread 0x0000000017128000 1709   !   3       java.util.logging.LogManager::ensureLogManagerInitialized (128 bytes)
Event: 757.584 Thread 0x0000000017128000 nmethod 1709 0x0000000002cad0d0 code [0x0000000002cad280, 0x0000000002cad908]
Event: 757.584 Thread 0x0000000017128000 1710       3       java.util.logging.LogManager::access$100 (4 bytes)
Event: 757.584 Thread 0x0000000017128000 nmethod 1710 0x0000000002cacdd0 code [0x0000000002cacf20, 0x0000000002cad050]
Event: 757.584 Thread 0x0000000017128000 1711       3       java.util.logging.LogManager$LoggerContext::requiresDefaultLoggers (29 bytes)
Event: 757.584 Thread 0x0000000017128000 nmethod 1711 0x0000000002cac750 code [0x0000000002cac8c0, 0x0000000002cacce8]

GC Heap History (10 events):
Event: 747.431 GC heap before
{Heap before GC invocations=228 (full 0):
 PSYoungGen      total 24576K, used 24128K [0x00000000d5a00000, 0x00000000d7700000, 0x0000000100000000)
  eden space 24064K, 100% used [0x00000000d5a00000,0x00000000d7180000,0x00000000d7180000)
  from space 512K, 12% used [0x00000000d7600000,0x00000000d7610000,0x00000000d7680000)
  to   space 512K, 0% used [0x00000000d7680000,0x00000000d7680000,0x00000000d7700000)
 ParOldGen       total 87552K, used 19432K [0x0000000080e00000, 0x0000000086380000, 0x00000000d5a00000)
  object space 87552K, 22% used [0x0000000080e00000,0x00000000820fa180,0x0000000086380000)
 Metaspace       used 12303K, capacity 12585K, committed 12928K, reserved 1060864K
  class space    used 1292K, capacity 1372K, committed 1408K, reserved 1048576K
Event: 747.432 GC heap after
Heap after GC invocations=228 (full 0):
 PSYoungGen      total 24576K, used 64K [0x00000000d5a00000, 0x00000000d7700000, 0x0000000100000000)
  eden space 24064K, 0% used [0x00000000d5a00000,0x00000000d5a00000,0x00000000d7180000)
  from space 512K, 12% used [0x00000000d7680000,0x00000000d7690000,0x00000000d7700000)
  to   space 512K, 0% used [0x00000000d7600000,0x00000000d7600000,0x00000000d7680000)
 ParOldGen       total 87552K, used 19432K [0x0000000080e00000, 0x0000000086380000, 0x00000000d5a00000)
  object space 87552K, 22% used [0x0000000080e00000,0x00000000820fa180,0x0000000086380000)
 Metaspace       used 12303K, capacity 12585K, committed 12928K, reserved 1060864K
  class space    used 1292K, capacity 1372K, committed 1408K, reserved 1048576K
}
Event: 749.659 GC heap before
{Heap before GC invocations=229 (full 0):
 PSYoungGen      total 24576K, used 24128K [0x00000000d5a00000, 0x00000000d7700000, 0x0000000100000000)
  eden space 24064K, 100% used [0x00000000d5a00000,0x00000000d7180000,0x00000000d7180000)
  from space 512K, 12% used [0x00000000d7680000,0x00000000d7690000,0x00000000d7700000)
  to   space 512K, 0% used [0x00000000d7600000,0x00000000d7600000,0x00000000d7680000)
 ParOldGen       total 87552K, used 19432K [0x0000000080e00000, 0x0000000086380000, 0x00000000d5a00000)
  object space 87552K, 22% used [0x0000000080e00000,0x00000000820fa180,0x0000000086380000)
 Metaspace       used 12303K, capacity 12585K, committed 12928K, reserved 1060864K
  class space    used 1292K, capacity 1372K, committed 1408K, reserved 1048576K
Event: 749.660 GC heap after
Heap after GC invocations=229 (full 0):
 PSYoungGen      total 24576K, used 64K [0x00000000d5a00000, 0x00000000d7700000, 0x0000000100000000)
  eden space 24064K, 0% used [0x00000000d5a00000,0x00000000d5a00000,0x00000000d7180000)
  from space 512K, 12% used [0x00000000d7600000,0x00000000d7610000,0x00000000d7680000)
  to   space 512K, 0% used [0x00000000d7680000,0x00000000d7680000,0x00000000d7700000)
 ParOldGen       total 87552K, used 19432K [0x0000000080e00000, 0x0000000086380000, 0x00000000d5a00000)
  object space 87552K, 22% used [0x0000000080e00000,0x00000000820fa180,0x0000000086380000)
 Metaspace       used 12303K, capacity 12585K, committed 12928K, reserved 1060864K
  class space    used 1292K, capacity 1372K, committed 1408K, reserved 1048576K
}
Event: 751.884 GC heap before
{Heap before GC invocations=230 (full 0):
 PSYoungGen      total 24576K, used 24128K [0x00000000d5a00000, 0x00000000d7700000, 0x0000000100000000)
  eden space 24064K, 100% used [0x00000000d5a00000,0x00000000d7180000,0x00000000d7180000)
  from space 512K, 12% used [0x00000000d7600000,0x00000000d7610000,0x00000000d7680000)
  to   space 512K, 0% used [0x00000000d7680000,0x00000000d7680000,0x00000000d7700000)
 ParOldGen       total 87552K, used 19432K [0x0000000080e00000, 0x0000000086380000, 0x00000000d5a00000)
  object space 87552K, 22% used [0x0000000080e00000,0x00000000820fa180,0x0000000086380000)
 Metaspace       used 12303K, capacity 12585K, committed 12928K, reserved 1060864K
  class space    used 1292K, capacity 1372K, committed 1408K, reserved 1048576K
Event: 751.885 GC heap after
Heap after GC invocations=230 (full 0):
 PSYoungGen      total 24576K, used 64K [0x00000000d5a00000, 0x00000000d7700000, 0x0000000100000000)
  eden space 24064K, 0% used [0x00000000d5a00000,0x00000000d5a00000,0x00000000d7180000)
  from space 512K, 12% used [0x00000000d7680000,0x00000000d7690000,0x00000000d7700000)
  to   space 512K, 0% used [0x00000000d7600000,0x00000000d7600000,0x00000000d7680000)
 ParOldGen       total 87552K, used 19432K [0x0000000080e00000, 0x0000000086380000, 0x00000000d5a00000)
  object space 87552K, 22% used [0x0000000080e00000,0x00000000820fa180,0x0000000086380000)
 Metaspace       used 12303K, capacity 12585K, committed 12928K, reserved 1060864K
  class space    used 1292K, capacity 1372K, committed 1408K, reserved 1048576K
}
Event: 754.126 GC heap before
{Heap before GC invocations=231 (full 0):
 PSYoungGen      total 24576K, used 24128K [0x00000000d5a00000, 0x00000000d7700000, 0x0000000100000000)
  eden space 24064K, 100% used [0x00000000d5a00000,0x00000000d7180000,0x00000000d7180000)
  from space 512K, 12% used [0x00000000d7680000,0x00000000d7690000,0x00000000d7700000)
  to   space 512K, 0% used [0x00000000d7600000,0x00000000d7600000,0x00000000d7680000)
 ParOldGen       total 87552K, used 19432K [0x0000000080e00000, 0x0000000086380000, 0x00000000d5a00000)
  object space 87552K, 22% used [0x0000000080e00000,0x00000000820fa180,0x0000000086380000)
 Metaspace       used 12303K, capacity 12585K, committed 12928K, reserved 1060864K
  class space    used 1292K, capacity 1372K, committed 1408K, reserved 1048576K
Event: 754.126 GC heap after
Heap after GC invocations=231 (full 0):
 PSYoungGen      total 24576K, used 64K [0x00000000d5a00000, 0x00000000d7700000, 0x0000000100000000)
  eden space 24064K, 0% used [0x00000000d5a00000,0x00000000d5a00000,0x00000000d7180000)
  from space 512K, 12% used [0x00000000d7600000,0x00000000d7610000,0x00000000d7680000)
  to   space 512K, 0% used [0x00000000d7680000,0x00000000d7680000,0x00000000d7700000)
 ParOldGen       total 87552K, used 19432K [0x0000000080e00000, 0x0000000086380000, 0x00000000d5a00000)
  object space 87552K, 22% used [0x0000000080e00000,0x00000000820fa180,0x0000000086380000)
 Metaspace       used 12303K, capacity 12585K, committed 12928K, reserved 1060864K
  class space    used 1292K, capacity 1372K, committed 1408K, reserved 1048576K
}
Event: 756.435 GC heap before
{Heap before GC invocations=232 (full 0):
 PSYoungGen      total 24576K, used 24128K [0x00000000d5a00000, 0x00000000d7700000, 0x0000000100000000)
  eden space 24064K, 100% used [0x00000000d5a00000,0x00000000d7180000,0x00000000d7180000)
  from space 512K, 12% used [0x00000000d7600000,0x00000000d7610000,0x00000000d7680000)
  to   space 512K, 0% used [0x00000000d7680000,0x00000000d7680000,0x00000000d7700000)
 ParOldGen       total 87552K, used 19432K [0x0000000080e00000, 0x0000000086380000, 0x00000000d5a00000)
  object space 87552K, 22% used [0x0000000080e00000,0x00000000820fa180,0x0000000086380000)
 Metaspace       used 12305K, capacity 12585K, committed 12928K, reserved 1060864K
  class space    used 1292K, capacity 1372K, committed 1408K, reserved 1048576K
Event: 756.436 GC heap after
Heap after GC invocations=232 (full 0):
 PSYoungGen      total 24576K, used 64K [0x00000000d5a00000, 0x00000000d7700000, 0x0000000100000000)
  eden space 24064K, 0% used [0x00000000d5a00000,0x00000000d5a00000,0x00000000d7180000)
  from space 512K, 12% used [0x00000000d7680000,0x00000000d7690000,0x00000000d7700000)
  to   space 512K, 0% used [0x00000000d7600000,0x00000000d7600000,0x00000000d7680000)
 ParOldGen       total 87552K, used 19432K [0x0000000080e00000, 0x0000000086380000, 0x00000000d5a00000)
  object space 87552K, 22% used [0x0000000080e00000,0x00000000820fa180,0x0000000086380000)
 Metaspace       used 12305K, capacity 12585K, committed 12928K, reserved 1060864K
  class space    used 1292K, capacity 1372K, committed 1408K, reserved 1048576K
}

Deoptimization events (10 events):
Event: 3.238 Thread 0x00000000023d0800 Uncommon trap: reason=null_check action=make_not_entrant pc=0x0000000002b8b9c4 method=org.newdawn.slick.AngelCodeFont.drawString(FFLjava/lang/String;Lorg/newdawn/slick/Color;II)V @ 54
Event: 3.239 Thread 0x00000000023d0800 Uncommon trap: reason=unstable_if action=reinterpret pc=0x0000000002b9c25c method=java.util.LinkedHashMap.afterNodeAccess(Ljava/util/HashMap$Node;)V @ 41
Event: 3.239 Thread 0x00000000023d0800 Uncommon trap: reason=unstable_if action=reinterpret pc=0x0000000002b7ff08 method=java.util.LinkedHashMap.afterNodeAccess(Ljava/util/HashMap$Node;)V @ 41
Event: 4.137 Thread 0x00000000023d0800 Uncommon trap: reason=unstable_if action=reinterpret pc=0x0000000002bdd45c method=fr.licornesduswag.ui.Main.render(Lorg/newdawn/slick/GameContainer;Lorg/newdawn/slick/Graphics;)V @ 87
Event: 4.717 Thread 0x00000000023d0800 Uncommon trap: reason=unstable_if action=reinterpret pc=0x0000000002be3fac method=org.lwjgl.input.Mouse.next()Z @ 28
Event: 4.968 Thread 0x00000000023d0800 Uncommon trap: reason=unstable_if action=reinterpret pc=0x0000000002c223ac method=org.newdawn.slick.Input.poll(II)V @ 1039
Event: 5.589 Thread 0x00000000023d0800 Uncommon trap: reason=unstable_if action=reinterpret pc=0x0000000002c415b8 method=fr.licornesduswag.ui.Main.render(Lorg/newdawn/slick/GameContainer;Lorg/newdawn/slick/Graphics;)V @ 174
Event: 23.597 Thread 0x00000000023d0800 Uncommon trap: reason=unstable_if action=reinterpret pc=0x0000000002bb14dc method=fr.licornesduswag.hcode.utils.StringSeparator.separeString(Ljava/lang/String;I)Ljava/lang/String; @ 41
Event: 757.570 Thread 0x00000000023d0800 Uncommon trap: reason=unstable_if action=reinterpret pc=0x0000000002b9411c method=org.newdawn.slick.AppGameContainer.gameLoop()V @ 60
Event: 757.570 Thread 0x00000000023d0800 Uncommon trap: reason=unstable_if action=reinterpret pc=0x0000000002c87204 method=org.newdawn.slick.AppGameContainer.start()V @ 13

Internal exceptions (10 events):
Event: 0.102 Thread 0x00000000023d0800 Exception <a 'java/security/PrivilegedActionException'> (0x00000000d5d2f548) thrown at [C:\re\workspace\8-2-build-windows-amd64-cygwin\jdk8u66\5298\hotspot\src\share\vm\prims\jvm.cpp, line 1386]
Event: 0.102 Thread 0x00000000023d0800 Exception <a 'java/security/PrivilegedActionException'> (0x00000000d5d2f758) thrown at [C:\re\workspace\8-2-build-windows-amd64-cygwin\jdk8u66\5298\hotspot\src\share\vm\prims\jvm.cpp, line 1386]
Event: 0.202 Thread 0x00000000023d0800 Exception <a 'java/io/FileNotFoundException'> (0x00000000d62e3f18) thrown at [C:\re\workspace\8-2-build-windows-amd64-cygwin\jdk8u66\5298\hotspot\src\share\vm\prims\jni.cpp, line 709]
Event: 0.778 Thread 0x00000000023d0800 Exception <a 'java/io/FileNotFoundException'> (0x00000000d74383a0) thrown at [C:\re\workspace\8-2-build-windows-amd64-cygwin\jdk8u66\5298\hotspot\src\share\vm\prims\jni.cpp, line 709]
Event: 0.801 Thread 0x00000000023d0800 Exception <a 'java/lang/NoSuchFieldError': method resolution failed> (0x00000000d75051f8) thrown at [C:\re\workspace\8-2-build-windows-amd64-cygwin\jdk8u66\5298\hotspot\src\share\vm\prims\methodHandles.cpp, line 1146]
Event: 0.806 Thread 0x00000000023d0800 Exception <a 'java/lang/NoSuchFieldError': method resolution failed> (0x00000000d75128b8) thrown at [C:\re\workspace\8-2-build-windows-amd64-cygwin\jdk8u66\5298\hotspot\src\share\vm\prims\methodHandles.cpp, line 1146]
Event: 1.015 Thread 0x00000000023d0800 Exception <a 'java/io/FileNotFoundException'> (0x00000000d6b27200) thrown at [C:\re\workspace\8-2-build-windows-amd64-cygwin\jdk8u66\5298\hotspot\src\share\vm\prims\jni.cpp, line 709]
Event: 1.073 Thread 0x00000000023d0800 Implicit null exception at 0x00000000029f44d2 to 0x00000000029f4a35
Event: 1.074 Thread 0x00000000023d0800 Implicit null exception at 0x00000000029d54c3 to 0x00000000029d56bd
Event: 3.238 Thread 0x00000000023d0800 Implicit null exception at 0x0000000002b8addc to 0x0000000002b8b988

Events (10 events):
Event: 757.583 loading class sun/font/SunFontManager$8$1 done
Event: 757.584 loading class sun/java2d/pipe/hw/AccelDeviceEventNotifier
Event: 757.584 Thread 0x0000000019599800 Thread exited: 0x0000000019599800
Event: 757.584 loading class sun/java2d/pipe/hw/AccelDeviceEventNotifier done
Event: 757.584 Thread 0x0000000019598000 Thread exited: 0x0000000019598000
Event: 757.584 Thread 0x000000001959a800 Thread exited: 0x000000001959a800
Event: 757.593 Thread 0x000000001991f800 Thread exited: 0x000000001991f800
Event: 757.684 Thread 0x000000001e61c000 Thread exited: 0x000000001e61c000
Event: 757.684 Thread 0x000000001711a800 Thread exited: 0x000000001711a800
Event: 757.684 Executing VM operation: Exit


Dynamic libraries:
0x00007ff743b50000 - 0x00007ff743b87000 	C:\Program Files\Java\jre1.8.0_66\bin\javaw.exe
0x00007ffd1c810000 - 0x00007ffd1c9bc000 	C:\Windows\SYSTEM32\ntdll.dll
0x00007ffd1c4f0000 - 0x00007ffd1c62e000 	C:\Windows\system32\KERNEL32.DLL
0x00007ffd19b90000 - 0x00007ffd19ca5000 	C:\Windows\system32\KERNELBASE.dll
0x00007ffd18500000 - 0x00007ffd1858e000 	C:\Windows\system32\apphelp.dll
0x00007ffd07e20000 - 0x00007ffd07e73000 	C:\Windows\AppPatch\AppPatch64\AcGenral.DLL
0x00007ffd1a1f0000 - 0x00007ffd1a29a000 	C:\Windows\system32\msvcrt.dll
0x00007ffd19800000 - 0x00007ffd1982e000 	C:\Windows\SYSTEM32\SspiCli.dll
0x00007ffd1be80000 - 0x00007ffd1bed4000 	C:\Windows\system32\SHLWAPI.dll
0x00007ffd19ec0000 - 0x00007ffd1a037000 	C:\Windows\system32\USER32.dll
0x00007ffd1bb80000 - 0x00007ffd1bd14000 	C:\Windows\system32\ole32.dll
0x00007ffd1a2a0000 - 0x00007ffd1b7cb000 	C:\Windows\system32\SHELL32.dll
0x00007ffd18f80000 - 0x00007ffd18fa1000 	C:\Windows\SYSTEM32\USERENV.dll
0x00007ffd1c630000 - 0x00007ffd1c6da000 	C:\Windows\system32\ADVAPI32.dll
0x00007ffd0f460000 - 0x00007ffd0f47e000 	C:\Windows\SYSTEM32\MPR.dll
0x00007ffd1bd20000 - 0x00007ffd1be61000 	C:\Windows\system32\RPCRT4.dll
0x00007ffd1bee0000 - 0x00007ffd1bf39000 	C:\Windows\SYSTEM32\sechost.dll
0x00007ffd1c120000 - 0x00007ffd1c331000 	C:\Windows\SYSTEM32\combase.dll
0x00007ffd1a040000 - 0x00007ffd1a190000 	C:\Windows\system32\GDI32.dll
0x00007ffd19960000 - 0x00007ffd19975000 	C:\Windows\SYSTEM32\profapi.dll
0x00007ffd17e80000 - 0x00007ffd17f32000 	C:\Windows\SYSTEM32\SHCORE.dll
0x00007ffd1b860000 - 0x00007ffd1b896000 	C:\Windows\system32\IMM32.DLL
0x00007ffd1ba20000 - 0x00007ffd1bb72000 	C:\Windows\system32\MSCTF.dll
0x00007ffd175a0000 - 0x00007ffd1781b000 	C:\Windows\WinSxS\amd64_microsoft.windows.common-controls_6595b64144ccf1df_6.0.9600.18006_none_623f33d3ecbe86e8\COMCTL32.dll
0x000000005bea0000 - 0x000000005bf72000 	C:\Program Files\Java\jre1.8.0_66\bin\msvcr100.dll
0x000000005cbf0000 - 0x000000005d479000 	C:\Program Files\Java\jre1.8.0_66\bin\server\jvm.dll
0x00007ffd11fd0000 - 0x00007ffd11fd9000 	C:\Windows\SYSTEM32\WSOCK32.dll
0x00007ffd17240000 - 0x00007ffd17262000 	C:\Windows\SYSTEM32\WINMM.dll
0x00007ffd17420000 - 0x00007ffd1742a000 	C:\Windows\SYSTEM32\VERSION.dll
0x00007ffd1b840000 - 0x00007ffd1b847000 	C:\Windows\system32\PSAPI.DLL
0x00007ffd1a190000 - 0x00007ffd1a1ea000 	C:\Windows\system32\WS2_32.dll
0x00007ffd170f0000 - 0x00007ffd1711a000 	C:\Windows\SYSTEM32\WINMMBASE.dll
0x00007ffd19e90000 - 0x00007ffd19e99000 	C:\Windows\system32\NSI.dll
0x00007ffd19b40000 - 0x00007ffd19b8f000 	C:\Windows\SYSTEM32\cfgmgr32.dll
0x00007ffd18780000 - 0x00007ffd187a8000 	C:\Windows\SYSTEM32\DEVOBJ.dll
0x000000005cbe0000 - 0x000000005cbef000 	C:\Program Files\Java\jre1.8.0_66\bin\verify.dll
0x000000005cbb0000 - 0x000000005cbd9000 	C:\Program Files\Java\jre1.8.0_66\bin\java.dll
0x000000005cb90000 - 0x000000005cba6000 	C:\Program Files\Java\jre1.8.0_66\bin\zip.dll
0x0000000180000000 - 0x0000000180051000 	C:\Users\Moi\Desktop\GIT24\24hcode\24hcode\target\natives\lwjgl64.dll
0x00007ffd01cf0000 - 0x00007ffd01e1b000 	C:\Windows\SYSTEM32\OPENGL32.dll
0x00007ffd07c90000 - 0x00007ffd07cbe000 	C:\Windows\SYSTEM32\GLU32.dll
0x00007ffd02a50000 - 0x00007ffd02b48000 	C:\Windows\SYSTEM32\DDRAW.dll
0x00007ffd0f450000 - 0x00007ffd0f459000 	C:\Windows\SYSTEM32\DCIMAN32.dll
0x00007ffd185d0000 - 0x00007ffd186f9000 	C:\Windows\system32\uxtheme.dll
0x00007ffd029e0000 - 0x00007ffd02a08000 	C:\Program Files (x86)\Raptr\ltc_help64-106568.dll
0x00007ffd19a30000 - 0x00007ffd19a81000 	C:\Windows\system32\WINTRUST.dll
0x00007ffd19cb0000 - 0x00007ffd19e8f000 	C:\Windows\system32\CRYPT32.dll
0x00007ffd19a10000 - 0x00007ffd19a21000 	C:\Windows\system32\MSASN1.dll
0x00007ffd13430000 - 0x00007ffd134db000 	C:\Program Files\Common Files\microsoft shared\ink\tiptsf.dll
0x00007ffd1c740000 - 0x00007ffd1c801000 	C:\Windows\system32\OLEAUT32.dll
0x00007ffd184b0000 - 0x00007ffd184d1000 	C:\Windows\system32\dwmapi.dll
0x00007ffd07e00000 - 0x00007ffd07e18000 	C:\Windows\SYSTEM32\atig6pxx.dll
0x000000005a000000 - 0x000000005be98000 	C:\Windows\SYSTEM32\atio6axx.dll
0x00007ffd1bf40000 - 0x00007ffd1c11a000 	C:\Windows\system32\SETUPAPI.dll
0x00007ffd03490000 - 0x00007ffd035d8000 	C:\Windows\SYSTEM32\atiadlxx.dll
0x00007ffd15190000 - 0x00007ffd1530f000 	C:\Windows\SYSTEM32\PROPSYS.dll
0x00007ffd184e0000 - 0x00007ffd184f2000 	C:\Windows\SYSTEM32\WTSAPI32.dll
0x00007ffd14cd0000 - 0x00007ffd14cfa000 	C:\Windows\SYSTEM32\IPHLPAPI.DLL
0x00007ffd14b70000 - 0x00007ffd14b7a000 	C:\Windows\SYSTEM32\WINNSI.DLL
0x00007ffd061b0000 - 0x00007ffd061dc000 	C:\Windows\SYSTEM32\atig6txx.dll
0x00007ffd18750000 - 0x00007ffd1875b000 	C:\Windows\SYSTEM32\kernel.appcore.dll
0x00007ffd198a0000 - 0x00007ffd198ab000 	C:\Windows\SYSTEM32\CRYPTBASE.dll
0x00007ffd19830000 - 0x00007ffd19893000 	C:\Windows\SYSTEM32\bcryptPrimitives.dll
0x00007ffd16a70000 - 0x00007ffd16ada000 	C:\Windows\SYSTEM32\oleacc.dll
0x00007ffd01c50000 - 0x00007ffd01ce2000 	C:\Windows\SYSTEM32\mscms.dll
0x00007ffd06160000 - 0x00007ffd061a1000 	C:\Windows\SYSTEM32\icm32.dll
0x00007ffd1b960000 - 0x00007ffd1ba16000 	C:\Windows\SYSTEM32\clbcatq.dll
0x000000005c8d0000 - 0x000000005ca68000 	C:\Program Files\Java\jre1.8.0_66\bin\awt.dll
0x00000000193c0000 - 0x00000000193d6000 	C:\Users\Moi\Desktop\GIT24\24hcode\24hcode\target\natives\jinput-dx8_64.dll
0x00007ffd014c0000 - 0x00007ffd01502000 	C:\Windows\SYSTEM32\DINPUT8.dll
0x00007ffd18b20000 - 0x00007ffd18b2d000 	C:\Windows\SYSTEM32\HID.DLL
0x0000000019430000 - 0x0000000019444000 	C:\Users\Moi\Desktop\GIT24\24hcode\24hcode\target\natives\jinput-raw_64.dll
0x00007ffd192a0000 - 0x00007ffd192c0000 	C:\Windows\SYSTEM32\CRYPTSP.dll
0x00007ffd18e70000 - 0x00007ffd18ea6000 	C:\Windows\system32\rsaenh.dll
0x00007ffd194f0000 - 0x00007ffd19516000 	C:\Windows\SYSTEM32\bcrypt.dll
0x000000005cb70000 - 0x000000005cb8a000 	C:\Program Files\Java\jre1.8.0_66\bin\net.dll
0x00007ffd19240000 - 0x00007ffd19299000 	C:\Windows\system32\mswsock.dll
0x00007ffd147b0000 - 0x00007ffd147c6000 	C:\Windows\SYSTEM32\dhcpcsvc6.DLL
0x00007ffd14a30000 - 0x00007ffd14a4a000 	C:\Windows\SYSTEM32\dhcpcsvc.DLL
0x000000005cb50000 - 0x000000005cb61000 	C:\Program Files\Java\jre1.8.0_66\bin\nio.dll
0x0000000059fc0000 - 0x0000000059ff1000 	C:\Program Files\Java\jre1.8.0_66\bin\jpeg.dll
0x000000005bfd0000 - 0x000000005c017000 	C:\Program Files\Java\jre1.8.0_66\bin\fontmanager.dll
0x00007ffd07570000 - 0x00007ffd07791000 	C:\Windows\system32\d3d9.dll
0x000000005bf80000 - 0x000000005bfc2000 	C:\Program Files\Java\jre1.8.0_66\bin\t2k.dll
0x00007ffd19ea0000 - 0x00007ffd19eb6000 	C:\Windows\system32\imagehlp.dll
0x00007ffd194c0000 - 0x00007ffd194e5000 	C:\Windows\system32\ncrypt.dll
0x00007ffd19480000 - 0x00007ffd194b7000 	C:\Windows\system32\NTASN1.dll
0x00007ffd18af0000 - 0x00007ffd18b14000 	C:\Windows\SYSTEM32\gpapi.dll
0x00007ffd02a10000 - 0x00007ffd02a49000 	C:\Windows\System32\cryptnet.dll
0x00007ffd1c6e0000 - 0x00007ffd1c73c000 	C:\Windows\system32\WLDAP32.dll
0x00007ffd00e40000 - 0x00007ffd01088000 	C:\PROGRA~2\Raptr\ltc_game64-106568.dll
0x00007ffd08e10000 - 0x00007ffd08f99000 	C:\Windows\SYSTEM32\dbghelp.dll

VM Arguments:
jvm_args: -Djava.library.path=target/natives -Dfile.encoding=UTF-8 
java_command: fr.licornesduswag.ui.Main
java_class_path (initial): C:\Users\Moi\Desktop\GIT24\24hcode\24hcode\target\classes;C:\Users\Moi\.m2\repository\org\slick2d\slick2d-core\1.0.1\slick2d-core-1.0.1.jar;C:\Users\Moi\.m2\repository\org\lwjgl\lwjgl\lwjgl\2.9.1\lwjgl-2.9.1.jar;C:\Users\Moi\.m2\repository\org\lwjgl\lwjgl\lwjgl-platform\2.9.1\lwjgl-platform-2.9.1-natives-windows.jar;C:\Users\Moi\.m2\repository\org\lwjgl\lwjgl\lwjgl-platform\2.9.1\lwjgl-platform-2.9.1-natives-linux.jar;C:\Users\Moi\.m2\repository\org\lwjgl\lwjgl\lwjgl-platform\2.9.1\lwjgl-platform-2.9.1-natives-osx.jar;C:\Users\Moi\.m2\repository\net\java\jinput\jinput\2.0.5\jinput-2.0.5.jar;C:\Users\Moi\.m2\repository\net\java\jutils\jutils\1.0.0\jutils-1.0.0.jar;C:\Users\Moi\.m2\repository\net\java\jinput\jinput-platform\2.0.5\jinput-platform-2.0.5-natives-linux.jar;C:\Users\Moi\.m2\repository\net\java\jinput\jinput-platform\2.0.5\jinput-platform-2.0.5-natives-windows.jar;C:\Users\Moi\.m2\repository\net\java\jinput\jinput-platform\2.0.5\jinput-platform-2.0.5-natives-osx.jar;C:\Users\Moi\.m2\repository\org\jcraft\jorbis\0.0.17\jorbis-0.0.17.jar;C:\Users\Moi\.m2\repository\org\slick2d\slick2d-basic-game-archetype\1.0.1\slick2d-basic-game-archetype-1.0.1.jar;C:\Users\Moi\.m2\repository\io\herrmann\java-generator-functions\1.0\java-generator-functions-1.0.jar
Launcher Type: SUN_STANDARD

Environment Variables:
PATH=C:/Program Files/Java/jre1.8.0_66/bin/server;C:/Program Files/Java/jre1.8.0_66/bin;C:/Program Files/Java/jre1.8.0_66/lib/amd64;C:\Program Files (x86)\NVIDIA Corporation\PhysX\Common;C:\ProgramData\Oracle\Java\javapath;C:\Windows\system32;C:\Windows;C:\Windows\System32\Wbem;C:\Windows\System32\WindowsPowerShell\v1.0\;C:\Program Files (x86)\Common Files\Seagate\SnapAPI\;C:\Program Files (x86)\AMD\ATI.ACE\Core-Static;C:\Windows\system32\config\systemprofile\.dnx\bin;C:\Program Files\Microsoft DNX\Dnvm\;C:\Program Files (x86)\Microsoft SQL Server\100\Tools\Binn\;C:\Program Files\Microsoft SQL Server\100\Tools\Binn\;C:\Program Files\Microsoft SQL Server\100\DTS\Binn\;C:\Program Files (x86)\Windows Live\Shared;C:\Program Files\nodejs\;C:\Program Files (x86)\Skype\Phone\;C:\Users\Moi\AppData\Roaming\npm;C:\Windows\system32;
USERNAME=Moi
OS=Windows_NT
PROCESSOR_IDENTIFIER=Intel64 Family 6 Model 60 Stepping 3, GenuineIntel



---------------  S Y S T E M  ---------------

OS: Windows 8.1 , 64 bit Build 9600 (6.3.9600.17415)

CPU:total 4 (4 cores per cpu, 1 threads per core) family 6 model 60 stepping 3, cmov, cx8, fxsr, mmx, sse, sse2, sse3, ssse3, sse4.1, sse4.2, popcnt, avx, avx2, aes, clmul, erms, rtm, lzcnt, tsc, tscinvbit, bmi1, bmi2

Memory: 4k page, physical 8329312k(3836300k free), swap 12523616k(6672104k free)

vm_info: Java HotSpot(TM) 64-Bit Server VM (25.66-b18) for windows-amd64 JRE (1.8.0_66-b18), built on Nov  9 2015 10:51:13 by "java_re" with MS VC++ 10.0 (VS2010)

time: Sat Jan 23 23:17:53 2016
elapsed time: 758 seconds (0d 0h 12m 38s)

