#
# A fatal error has been detected by the Java Runtime Environment:
#
#  EXCEPTION_ACCESS_VIOLATION (0xc0000005) at pc=0x00007ffd0208aea4, pid=2588, tid=7084
#
# JRE version: Java(TM) SE Runtime Environment (8.0_66-b18) (build 1.8.0_66-b18)
# Java VM: Java HotSpot(TM) 64-Bit Server VM (25.66-b18 mixed mode windows-amd64 compressed oops)
# Problematic frame:
# C  [OPENGL32.dll+0xeaea4]
#
# Failed to write core dump. Minidumps are not enabled by default on client versions of Windows
#
# If you would like to submit a bug report, please visit:
#   http://bugreport.java.com/bugreport/crash.jsp
#

---------------  T H R E A D  ---------------

Current thread (0x0000000017708000):  VMThread [stack: 0x00000000187a0000,0x00000000188a0000] [id=7084]

siginfo: ExceptionCode=0xc0000005, reading address 0x0000000000000a38

Registers:
RAX=0x0000000000000000, RBX=0x0000000022242250, RCX=0x0000000000000001, RDX=0x0000000022242258
RSP=0x000000001889eef8, RBP=0x0000000000000000, RSI=0x00000000222459d0, RDI=0x00000000222459d0
R8 =0x000000001889ef78, R9 =0x0000000017616510, R10=0x00007ffd0208ae90, R11=0xffffffffffffffff
R12=0x0000000000000000, R13=0x0000000022136d40, R14=0x0000000022136bf0, R15=0x0000000000000000
RIP=0x00007ffd0208aea4, EFLAGS=0x0000000000010287

Top of Stack: (sp=0x000000001889eef8)
0x000000001889eef8:   00007ffd0132244b 0000000000000001
0x000000001889ef08:   0000000022242258 000000001889ef78
0x000000001889ef18:   0000000017616510 0000000000000000
0x000000001889ef28:   00007ffd01327f17 0000000000000030
0x000000001889ef38:   0000000002b00738 0000000022136d20
0x000000001889ef48:   00007ffd01327283 fffffffffffffffe
0x000000001889ef58:   000000001889efc0 0000000000000000
0x000000001889ef68:   00007ffd013287c9 00000000222459d0
0x000000001889ef78:   000000002213bae0 00007ffd01411940
0x000000001889ef88:   00007ffd013a5700 fffffffffffffffe
0x000000001889ef98:   0000000022139240 0000000000000001
0x000000001889efa8:   0000000022136d18 0000000022136bf0
0x000000001889efb8:   00007ffd013ad7ad 00007ffd014e65b0
0x000000001889efc8:   00007ffd01411930 0000000017616510
0x000000001889efd8:   0000000000000002 0000000022136d18
0x000000001889efe8:   0000000022136bf0 0000000022136bf0 

Instructions: (pc=0x00007ffd0208aea4)
0x00007ffd0208ae84:   cc cc cc cc cc cc 66 0f 1f 44 00 00 8b 05 72 f1
0x00007ffd0208ae94:   00 00 83 f8 40 73 0f 65 48 8b 04 c5 80 14 00 00
0x00007ffd0208aea4:   ff a0 38 0a 00 00 b8 47 01 00 00 e9 ec d4 ff ff
0x00007ffd0208aeb4:   cc cc cc cc cc cc 66 0f 1f 44 00 00 8b 05 42 f1 


Register to memory mapping:

RAX=0x0000000000000000 is an unknown value
RBX=0x0000000022242250 is an unknown value
RCX=0x0000000000000001 is an unknown value
RDX=0x0000000022242258 is an unknown value
RSP=0x000000001889eef8 is an unknown value
RBP=0x0000000000000000 is an unknown value
RSI=0x00000000222459d0 is an unknown value
RDI=0x00000000222459d0 is an unknown value
R8 =0x000000001889ef78 is an unknown value
R9 =0x0000000017616510 is an unknown value
R10=0x00007ffd0208ae90 is an unknown value
R11=0xffffffffffffffff is an unknown value
R12=0x0000000000000000 is an unknown value
R13=0x0000000022136d40 is an unknown value
R14=0x0000000022136bf0 is an unknown value
R15=0x0000000000000000 is an unknown value


Stack: [0x00000000187a0000,0x00000000188a0000],  sp=0x000000001889eef8,  free space=1019k
Native frames: (J=compiled Java code, j=interpreted, Vv=VM code, C=native code)

VM_Operation (0x000000000128f350): Exit, mode: safepoint, requested by thread 0x00000000029d0800


---------------  P R O C E S S  ---------------

Java Threads: ( => current thread )
  0x000000001dcdc800 JavaThread "AWT-Shutdown" [_thread_blocked, id=364, stack(0x00000000212f0000,0x00000000213f0000)]
  0x000000001ddf1000 JavaThread "Java2D Disposer" daemon [_thread_blocked, id=1200, stack(0x000000001e9f0000,0x000000001eaf0000)]
  0x000000001ddb0800 JavaThread "Thread-3" daemon [_thread_in_native, id=2176, stack(0x000000001e820000,0x000000001e920000)]
  0x000000001779e000 JavaThread "Service Thread" daemon [_thread_blocked, id=4892, stack(0x00000000196e0000,0x00000000197e0000)]
  0x0000000017752000 JavaThread "C1 CompilerThread2" daemon [_thread_blocked, id=4164, stack(0x00000000191e0000,0x00000000192e0000)]
  0x000000001773e000 JavaThread "C2 CompilerThread1" daemon [_thread_blocked, id=4532, stack(0x00000000190e0000,0x00000000191e0000)]
  0x000000001773a800 JavaThread "C2 CompilerThread0" daemon [_thread_blocked, id=2080, stack(0x0000000018fe0000,0x00000000190e0000)]
  0x0000000017745800 JavaThread "Attach Listener" daemon [_thread_blocked, id=5840, stack(0x0000000018ee0000,0x0000000018fe0000)]
  0x0000000017744000 JavaThread "Signal Dispatcher" daemon [_thread_blocked, id=6812, stack(0x0000000018de0000,0x0000000018ee0000)]
  0x0000000002ac6000 JavaThread "Finalizer" daemon [_thread_blocked, id=7060, stack(0x00000000189a0000,0x0000000018aa0000)]
  0x0000000002abd000 JavaThread "Reference Handler" daemon [_thread_blocked, id=5604, stack(0x00000000188a0000,0x00000000189a0000)]
  0x00000000029d0800 JavaThread "main" [_thread_blocked, id=4224, stack(0x0000000001190000,0x0000000001290000)]

Other Threads:
=>0x0000000017708000 VMThread [stack: 0x00000000187a0000,0x00000000188a0000] [id=7084]

VM state:at safepoint (shutting down)

VM Mutex/Monitor currently owned by a thread:  ([mutex/lock_event])
[0x0000000002b0c2e0] Threads_lock - owner thread: 0x0000000017708000

Heap:
 PSYoungGen      total 38400K, used 16126K [0x00000000d5a00000, 0x00000000d8480000, 0x0000000100000000)
  eden space 33280K, 33% used [0x00000000d5a00000,0x00000000d64c3af0,0x00000000d7a80000)
  from space 5120K, 99% used [0x00000000d7a80000,0x00000000d7f7c040,0x00000000d7f80000)
  to   space 5120K, 0% used [0x00000000d7f80000,0x00000000d7f80000,0x00000000d8480000)
 ParOldGen       total 87552K, used 2553K [0x0000000080e00000, 0x0000000086380000, 0x00000000d5a00000)
  object space 87552K, 2% used [0x0000000080e00000,0x000000008107e4f8,0x0000000086380000)
 Metaspace       used 10443K, capacity 10635K, committed 10880K, reserved 1058816K
  class space    used 1067K, capacity 1128K, committed 1152K, reserved 1048576K

Card table byte_map: [0x0000000011f60000,0x0000000012360000] byte_map_base: 0x0000000011b59000

Marking Bits: (ParMarkBitMap*) 0x000000005d3fa5b0
 Begin Bits: [0x0000000012a10000, 0x00000000149d8000)
 End Bits:   [0x00000000149d8000, 0x00000000169a0000)

Polling page: 0x0000000001030000

CodeCache: size=245760Kb used=4766Kb max_used=4787Kb free=240993Kb
 bounds [0x0000000002ba0000, 0x0000000003060000, 0x0000000011ba0000]
 total_blobs=1745 nmethods=1178 adapters=480
 compilation: enabled

Compilation events (10 events):
Event: 28.889 Thread 0x0000000017752000 1174   !   3       java.lang.ClassLoader::getPackage (118 bytes)
Event: 28.890 Thread 0x0000000017752000 nmethod 1174 0x000000000301d450 code [0x000000000301d620, 0x000000000301e128]
Event: 28.892 Thread 0x0000000017752000 1175       1       java.util.logging.LogManager::access$500 (5 bytes)
Event: 28.892 Thread 0x0000000017752000 nmethod 1175 0x000000000301bc50 code [0x000000000301bda0, 0x000000000301be90]
Event: 28.892 Thread 0x0000000017752000 1176   !   3       java.util.logging.LogManager::ensureLogManagerInitialized (128 bytes)
Event: 28.892 Thread 0x0000000017752000 nmethod 1176 0x00000000030376d0 code [0x0000000003037880, 0x0000000003037f08]
Event: 28.892 Thread 0x0000000017752000 1177       3       java.util.logging.LogManager::access$100 (4 bytes)
Event: 28.892 Thread 0x0000000017752000 nmethod 1177 0x000000000301d150 code [0x000000000301d2a0, 0x000000000301d3d0]
Event: 28.893 Thread 0x0000000017752000 1178       3       java.util.logging.LogManager$LoggerContext::requiresDefaultLoggers (29 bytes)
Event: 28.893 Thread 0x0000000017752000 nmethod 1178 0x0000000003037050 code [0x00000000030371c0, 0x00000000030375e8]

GC Heap History (2 events):
Event: 0.791 GC heap before
{Heap before GC invocations=1 (full 0):
 PSYoungGen      total 38400K, used 33280K [0x00000000d5a00000, 0x00000000d8480000, 0x0000000100000000)
  eden space 33280K, 100% used [0x00000000d5a00000,0x00000000d7a80000,0x00000000d7a80000)
  from space 5120K, 0% used [0x00000000d7f80000,0x00000000d7f80000,0x00000000d8480000)
  to   space 5120K, 0% used [0x00000000d7a80000,0x00000000d7a80000,0x00000000d7f80000)
 ParOldGen       total 87552K, used 0K [0x0000000080e00000, 0x0000000086380000, 0x00000000d5a00000)
  object space 87552K, 0% used [0x0000000080e00000,0x0000000080e00000,0x0000000086380000)
 Metaspace       used 10087K, capacity 10315K, committed 10624K, reserved 1058816K
  class space    used 1056K, capacity 1128K, committed 1152K, reserved 1048576K
Event: 0.797 GC heap after
Heap after GC invocations=1 (full 0):
 PSYoungGen      total 38400K, used 5104K [0x00000000d5a00000, 0x00000000d8480000, 0x0000000100000000)
  eden space 33280K, 0% used [0x00000000d5a00000,0x00000000d5a00000,0x00000000d7a80000)
  from space 5120K, 99% used [0x00000000d7a80000,0x00000000d7f7c040,0x00000000d7f80000)
  to   space 5120K, 0% used [0x00000000d7f80000,0x00000000d7f80000,0x00000000d8480000)
 ParOldGen       total 87552K, used 2553K [0x0000000080e00000, 0x0000000086380000, 0x00000000d5a00000)
  object space 87552K, 2% used [0x0000000080e00000,0x000000008107e4f8,0x0000000086380000)
 Metaspace       used 10087K, capacity 10315K, committed 10624K, reserved 1058816K
  class space    used 1056K, capacity 1128K, committed 1152K, reserved 1048576K
}

Deoptimization events (10 events):
Event: 1.706 Thread 0x000000001ddeb000 Uncommon trap: reason=unstable_if action=reinterpret pc=0x0000000002f7038c method=java.util.HashMap$HashIterator.<init>(Ljava/util/HashMap;)V @ 38
Event: 1.808 Thread 0x00000000029d0800 Uncommon trap: reason=unstable_if action=reinterpret pc=0x0000000002f8e4c4 method=org.newdawn.slick.GameContainer.updateFPS()V @ 13
Event: 2.482 Thread 0x00000000029d0800 Uncommon trap: reason=unstable_if action=reinterpret pc=0x0000000002f86098 method=org.lwjgl.opengl.WindowsKeyboard.flushRetained()V @ 4
Event: 2.482 Thread 0x00000000029d0800 Uncommon trap: reason=unstable_if action=reinterpret pc=0x0000000002f81154 method=org.lwjgl.input.Keyboard.readNext(Lorg/lwjgl/input/Keyboard$KeyEvent;)Z @ 6
Event: 2.482 Thread 0x00000000029d0800 Uncommon trap: reason=unstable_if action=reinterpret pc=0x0000000002f7b0f0 method=org.newdawn.slick.Input.poll(II)V @ 209
Event: 2.482 Thread 0x00000000029d0800 Uncommon trap: reason=unstable_if action=reinterpret pc=0x0000000002f9965c method=org.lwjgl.input.Keyboard.isKeyDown(I)Z @ 29
Event: 2.482 Thread 0x00000000029d0800 Uncommon trap: reason=unstable_if action=reinterpret pc=0x0000000002f90d98 method=fr.licornesduswag.ui.Main.render(Lorg/newdawn/slick/GameContainer;Lorg/newdawn/slick/Graphics;)V @ 4
Event: 3.277 Thread 0x00000000029d0800 Uncommon trap: reason=unstable_if action=reinterpret pc=0x0000000002fcb22c method=org.lwjgl.input.Mouse.next()Z @ 28
Event: 12.662 Thread 0x00000000029d0800 Uncommon trap: reason=unstable_if action=reinterpret pc=0x00000000030088a8 method=org.newdawn.slick.Input.poll(II)V @ 144
Event: 28.863 Thread 0x00000000029d0800 Uncommon trap: reason=unstable_if action=reinterpret pc=0x000000000301c708 method=org.newdawn.slick.AppGameContainer.gameLoop()V @ 60

Internal exceptions (10 events):
Event: 0.088 Thread 0x00000000029d0800 Exception <a 'java/security/PrivilegedActionException'> (0x00000000d5d13a20) thrown at [C:\re\workspace\8-2-build-windows-amd64-cygwin\jdk8u66\5298\hotspot\src\share\vm\prims\jvm.cpp, line 1386]
Event: 0.088 Thread 0x00000000029d0800 Exception <a 'java/security/PrivilegedActionException'> (0x00000000d5d13c30) thrown at [C:\re\workspace\8-2-build-windows-amd64-cygwin\jdk8u66\5298\hotspot\src\share\vm\prims\jvm.cpp, line 1386]
Event: 0.088 Thread 0x00000000029d0800 Exception <a 'java/security/PrivilegedActionException'> (0x00000000d5d177d8) thrown at [C:\re\workspace\8-2-build-windows-amd64-cygwin\jdk8u66\5298\hotspot\src\share\vm\prims\jvm.cpp, line 1386]
Event: 0.088 Thread 0x00000000029d0800 Exception <a 'java/security/PrivilegedActionException'> (0x00000000d5d179e8) thrown at [C:\re\workspace\8-2-build-windows-amd64-cygwin\jdk8u66\5298\hotspot\src\share\vm\prims\jvm.cpp, line 1386]
Event: 0.092 Thread 0x00000000029d0800 Exception <a 'java/io/FileNotFoundException'> (0x00000000d5d28588) thrown at [C:\re\workspace\8-2-build-windows-amd64-cygwin\jdk8u66\5298\hotspot\src\share\vm\prims\jni.cpp, line 709]
Event: 0.560 Thread 0x00000000029d0800 Exception <a 'java/io/FileNotFoundException'> (0x00000000d6331ef0) thrown at [C:\re\workspace\8-2-build-windows-amd64-cygwin\jdk8u66\5298\hotspot\src\share\vm\prims\jni.cpp, line 709]
Event: 0.580 Thread 0x00000000029d0800 Exception <a 'java/lang/NoSuchFieldError': method resolution failed> (0x00000000d64a5468) thrown at [C:\re\workspace\8-2-build-windows-amd64-cygwin\jdk8u66\5298\hotspot\src\share\vm\prims\methodHandles.cpp, line 1146]
Event: 0.581 Thread 0x00000000029d0800 Exception <a 'java/lang/NoSuchFieldError': method resolution failed> (0x00000000d64b2788) thrown at [C:\re\workspace\8-2-build-windows-amd64-cygwin\jdk8u66\5298\hotspot\src\share\vm\prims\methodHandles.cpp, line 1146]
Event: 0.668 Thread 0x00000000029d0800 Exception <a 'java/io/FileNotFoundException'> (0x00000000d66624e8) thrown at [C:\re\workspace\8-2-build-windows-amd64-cygwin\jdk8u66\5298\hotspot\src\share\vm\prims\jni.cpp, line 709]
Event: 1.706 Thread 0x000000001ddeb000 Implicit null exception at 0x0000000002f7013b to 0x0000000002f70375

Events (10 events):
Event: 28.892 Thread 0x000000001dcd6800 Thread exited: 0x000000001dcd6800
Event: 28.892 loading class java/io/RandomAccessFile$1
Event: 28.892 loading class java/io/RandomAccessFile$1 done
Event: 28.892 loading class sun/java2d/pipe/hw/AccelDeviceEventNotifier
Event: 28.892 loading class sun/java2d/pipe/hw/AccelDeviceEventNotifier done
Event: 28.893 Thread 0x000000001dcd7000 Thread exited: 0x000000001dcd7000
Event: 28.893 Thread 0x000000001dcdc000 Thread exited: 0x000000001dcdc000
Event: 28.909 Thread 0x000000001ddec000 Thread exited: 0x000000001ddec000
Event: 28.992 Thread 0x00000000192ed000 Thread exited: 0x00000000192ed000
Event: 28.993 Executing VM operation: Exit


Dynamic libraries:
0x00007ff743b50000 - 0x00007ff743b87000 	C:\Program Files\Java\jre1.8.0_66\bin\javaw.exe
0x00007ffd1c810000 - 0x00007ffd1c9bc000 	C:\Windows\SYSTEM32\ntdll.dll
0x00007ffd1c4f0000 - 0x00007ffd1c62e000 	C:\Windows\system32\KERNEL32.DLL
0x00007ffd19b90000 - 0x00007ffd19ca5000 	C:\Windows\system32\KERNELBASE.dll
0x00007ffd18500000 - 0x00007ffd1858e000 	C:\Windows\system32\apphelp.dll
0x00007ffd07e20000 - 0x00007ffd07e73000 	C:\Windows\AppPatch\AppPatch64\AcGenral.DLL
0x00007ffd1a1f0000 - 0x00007ffd1a29a000 	C:\Windows\system32\msvcrt.dll
0x00007ffd19800000 - 0x00007ffd1982e000 	C:\Windows\SYSTEM32\SspiCli.dll
0x00007ffd1be80000 - 0x00007ffd1bed4000 	C:\Windows\system32\SHLWAPI.dll
0x00007ffd19ec0000 - 0x00007ffd1a037000 	C:\Windows\system32\USER32.dll
0x00007ffd1bb80000 - 0x00007ffd1bd14000 	C:\Windows\system32\ole32.dll
0x00007ffd1a2a0000 - 0x00007ffd1b7cb000 	C:\Windows\system32\SHELL32.dll
0x00007ffd18f80000 - 0x00007ffd18fa1000 	C:\Windows\SYSTEM32\USERENV.dll
0x00007ffd1c630000 - 0x00007ffd1c6da000 	C:\Windows\system32\ADVAPI32.dll
0x00007ffd0f460000 - 0x00007ffd0f47e000 	C:\Windows\SYSTEM32\MPR.dll
0x00007ffd1bd20000 - 0x00007ffd1be61000 	C:\Windows\system32\RPCRT4.dll
0x00007ffd1bee0000 - 0x00007ffd1bf39000 	C:\Windows\SYSTEM32\sechost.dll
0x00007ffd1c120000 - 0x00007ffd1c331000 	C:\Windows\SYSTEM32\combase.dll
0x00007ffd1a040000 - 0x00007ffd1a190000 	C:\Windows\system32\GDI32.dll
0x00007ffd19960000 - 0x00007ffd19975000 	C:\Windows\SYSTEM32\profapi.dll
0x00007ffd17e80000 - 0x00007ffd17f32000 	C:\Windows\SYSTEM32\SHCORE.dll
0x00007ffd1b860000 - 0x00007ffd1b896000 	C:\Windows\system32\IMM32.DLL
0x00007ffd1ba20000 - 0x00007ffd1bb72000 	C:\Windows\system32\MSCTF.dll
0x00007ffd175a0000 - 0x00007ffd1781b000 	C:\Windows\WinSxS\amd64_microsoft.windows.common-controls_6595b64144ccf1df_6.0.9600.18006_none_623f33d3ecbe86e8\COMCTL32.dll
0x000000005bea0000 - 0x000000005bf72000 	C:\Program Files\Java\jre1.8.0_66\bin\msvcr100.dll
0x000000005cbf0000 - 0x000000005d479000 	C:\Program Files\Java\jre1.8.0_66\bin\server\jvm.dll
0x00007ffd11fd0000 - 0x00007ffd11fd9000 	C:\Windows\SYSTEM32\WSOCK32.dll
0x00007ffd17240000 - 0x00007ffd17262000 	C:\Windows\SYSTEM32\WINMM.dll
0x00007ffd17420000 - 0x00007ffd1742a000 	C:\Windows\SYSTEM32\VERSION.dll
0x00007ffd1b840000 - 0x00007ffd1b847000 	C:\Windows\system32\PSAPI.DLL
0x00007ffd1a190000 - 0x00007ffd1a1ea000 	C:\Windows\system32\WS2_32.dll
0x00007ffd170f0000 - 0x00007ffd1711a000 	C:\Windows\SYSTEM32\WINMMBASE.dll
0x00007ffd19e90000 - 0x00007ffd19e99000 	C:\Windows\system32\NSI.dll
0x00007ffd19b40000 - 0x00007ffd19b8f000 	C:\Windows\SYSTEM32\cfgmgr32.dll
0x00007ffd18780000 - 0x00007ffd187a8000 	C:\Windows\SYSTEM32\DEVOBJ.dll
0x000000005cbe0000 - 0x000000005cbef000 	C:\Program Files\Java\jre1.8.0_66\bin\verify.dll
0x000000005cbb0000 - 0x000000005cbd9000 	C:\Program Files\Java\jre1.8.0_66\bin\java.dll
0x000000005cb90000 - 0x000000005cba6000 	C:\Program Files\Java\jre1.8.0_66\bin\zip.dll
0x0000000180000000 - 0x0000000180051000 	C:\Users\Moi\Desktop\GIT24\24hcode\24hcode\target\natives\lwjgl64.dll
0x00007ffd01fa0000 - 0x00007ffd020cb000 	C:\Windows\SYSTEM32\OPENGL32.dll
0x00007ffd080c0000 - 0x00007ffd080ee000 	C:\Windows\SYSTEM32\GLU32.dll
0x00007ffd02a50000 - 0x00007ffd02b48000 	C:\Windows\SYSTEM32\DDRAW.dll
0x00007ffd0f450000 - 0x00007ffd0f459000 	C:\Windows\SYSTEM32\DCIMAN32.dll
0x00007ffd185d0000 - 0x00007ffd186f9000 	C:\Windows\system32\uxtheme.dll
0x00007ffd029e0000 - 0x00007ffd02a08000 	C:\Program Files (x86)\Raptr\ltc_help64-106568.dll
0x00007ffd19a30000 - 0x00007ffd19a81000 	C:\Windows\system32\WINTRUST.dll
0x00007ffd19cb0000 - 0x00007ffd19e8f000 	C:\Windows\system32\CRYPT32.dll
0x00007ffd19a10000 - 0x00007ffd19a21000 	C:\Windows\system32\MSASN1.dll
0x00007ffd13430000 - 0x00007ffd134db000 	C:\Program Files\Common Files\microsoft shared\ink\tiptsf.dll
0x00007ffd1c740000 - 0x00007ffd1c801000 	C:\Windows\system32\OLEAUT32.dll
0x00007ffd184b0000 - 0x00007ffd184d1000 	C:\Windows\system32\dwmapi.dll
0x00007ffd08200000 - 0x00007ffd08218000 	C:\Windows\SYSTEM32\atig6pxx.dll
0x000000005a000000 - 0x000000005be98000 	C:\Windows\SYSTEM32\atio6axx.dll
0x00007ffd1bf40000 - 0x00007ffd1c11a000 	C:\Windows\system32\SETUPAPI.dll
0x00007ffd03490000 - 0x00007ffd035d8000 	C:\Windows\SYSTEM32\atiadlxx.dll
0x00007ffd15190000 - 0x00007ffd1530f000 	C:\Windows\SYSTEM32\PROPSYS.dll
0x00007ffd184e0000 - 0x00007ffd184f2000 	C:\Windows\SYSTEM32\WTSAPI32.dll
0x00007ffd14cd0000 - 0x00007ffd14cfa000 	C:\Windows\SYSTEM32\IPHLPAPI.DLL
0x00007ffd14b70000 - 0x00007ffd14b7a000 	C:\Windows\SYSTEM32\WINNSI.DLL
0x00007ffd07d70000 - 0x00007ffd07d9c000 	C:\Windows\SYSTEM32\atig6txx.dll
0x00007ffd18750000 - 0x00007ffd1875b000 	C:\Windows\SYSTEM32\kernel.appcore.dll
0x00007ffd198a0000 - 0x00007ffd198ab000 	C:\Windows\SYSTEM32\CRYPTBASE.dll
0x00007ffd19830000 - 0x00007ffd19893000 	C:\Windows\SYSTEM32\bcryptPrimitives.dll
0x00007ffd16a70000 - 0x00007ffd16ada000 	C:\Windows\SYSTEM32\oleacc.dll
0x00007ffd03fc0000 - 0x00007ffd04052000 	C:\Windows\SYSTEM32\mscms.dll
0x00007ffd06190000 - 0x00007ffd061d1000 	C:\Windows\SYSTEM32\icm32.dll
0x00007ffd1b960000 - 0x00007ffd1ba16000 	C:\Windows\SYSTEM32\clbcatq.dll
0x000000005c8d0000 - 0x000000005ca68000 	C:\Program Files\Java\jre1.8.0_66\bin\awt.dll
0x000000001da90000 - 0x000000001daa6000 	C:\Users\Moi\Desktop\GIT24\24hcode\24hcode\target\natives\jinput-dx8_64.dll
0x00007ffd05c40000 - 0x00007ffd05c82000 	C:\Windows\SYSTEM32\DINPUT8.dll
0x00007ffd18b20000 - 0x00007ffd18b2d000 	C:\Windows\SYSTEM32\HID.DLL
0x000000001db00000 - 0x000000001db14000 	C:\Users\Moi\Desktop\GIT24\24hcode\24hcode\target\natives\jinput-raw_64.dll
0x00007ffd192a0000 - 0x00007ffd192c0000 	C:\Windows\SYSTEM32\CRYPTSP.dll
0x00007ffd18e70000 - 0x00007ffd18ea6000 	C:\Windows\system32\rsaenh.dll
0x00007ffd194f0000 - 0x00007ffd19516000 	C:\Windows\SYSTEM32\bcrypt.dll
0x000000005cb70000 - 0x000000005cb8a000 	C:\Program Files\Java\jre1.8.0_66\bin\net.dll
0x00007ffd19240000 - 0x00007ffd19299000 	C:\Windows\system32\mswsock.dll
0x00007ffd147b0000 - 0x00007ffd147c6000 	C:\Windows\SYSTEM32\dhcpcsvc6.DLL
0x00007ffd14a30000 - 0x00007ffd14a4a000 	C:\Windows\SYSTEM32\dhcpcsvc.DLL
0x000000005cb50000 - 0x000000005cb61000 	C:\Program Files\Java\jre1.8.0_66\bin\nio.dll
0x000000005bfd0000 - 0x000000005c017000 	C:\Program Files\Java\jre1.8.0_66\bin\fontmanager.dll
0x00007ffd07570000 - 0x00007ffd07791000 	C:\Windows\system32\d3d9.dll
0x000000005bf80000 - 0x000000005bfc2000 	C:\Program Files\Java\jre1.8.0_66\bin\t2k.dll
0x00007ffd19ea0000 - 0x00007ffd19eb6000 	C:\Windows\system32\imagehlp.dll
0x00007ffd194c0000 - 0x00007ffd194e5000 	C:\Windows\system32\ncrypt.dll
0x00007ffd19480000 - 0x00007ffd194b7000 	C:\Windows\system32\NTASN1.dll
0x00007ffd18af0000 - 0x00007ffd18b14000 	C:\Windows\SYSTEM32\gpapi.dll
0x00007ffd02a10000 - 0x00007ffd02a49000 	C:\Windows\System32\cryptnet.dll
0x00007ffd1c6e0000 - 0x00007ffd1c73c000 	C:\Windows\system32\WLDAP32.dll
0x00007ffd106a0000 - 0x00007ffd10769000 	C:\Windows\SYSTEM32\WINHTTP.dll
0x00007ffd08fa0000 - 0x00007ffd09022000 	C:\Windows\SYSTEM32\webio.dll
0x00007ffd19040000 - 0x00007ffd190e4000 	C:\Windows\SYSTEM32\DNSAPI.dll
0x000000005f090000 - 0x000000005f0b6000 	C:\Program Files\Bonjour\mdnsNSP.dll
0x00007ffd0fc60000 - 0x00007ffd0fc6a000 	C:\Windows\System32\rasadhlp.dll
0x00007ffd149c0000 - 0x00007ffd14a2b000 	C:\Windows\System32\fwpuclnt.dll
0x00007ffd012c0000 - 0x00007ffd01508000 	C:\PROGRA~2\Raptr\ltc_game64-106568.dll
0x00007ffd08e10000 - 0x00007ffd08f99000 	C:\Windows\SYSTEM32\dbghelp.dll

VM Arguments:
jvm_args: -Djava.library.path=target/natives -Dfile.encoding=UTF-8 
java_command: fr.licornesduswag.ui.Main
java_class_path (initial): C:\Users\Moi\Desktop\GIT24\24hcode\24hcode\target\classes;C:\Users\Moi\.m2\repository\org\slick2d\slick2d-core\1.0.1\slick2d-core-1.0.1.jar;C:\Users\Moi\.m2\repository\org\lwjgl\lwjgl\lwjgl\2.9.1\lwjgl-2.9.1.jar;C:\Users\Moi\.m2\repository\org\lwjgl\lwjgl\lwjgl-platform\2.9.1\lwjgl-platform-2.9.1-natives-windows.jar;C:\Users\Moi\.m2\repository\org\lwjgl\lwjgl\lwjgl-platform\2.9.1\lwjgl-platform-2.9.1-natives-linux.jar;C:\Users\Moi\.m2\repository\org\lwjgl\lwjgl\lwjgl-platform\2.9.1\lwjgl-platform-2.9.1-natives-osx.jar;C:\Users\Moi\.m2\repository\net\java\jinput\jinput\2.0.5\jinput-2.0.5.jar;C:\Users\Moi\.m2\repository\net\java\jutils\jutils\1.0.0\jutils-1.0.0.jar;C:\Users\Moi\.m2\repository\net\java\jinput\jinput-platform\2.0.5\jinput-platform-2.0.5-natives-linux.jar;C:\Users\Moi\.m2\repository\net\java\jinput\jinput-platform\2.0.5\jinput-platform-2.0.5-natives-windows.jar;C:\Users\Moi\.m2\repository\net\java\jinput\jinput-platform\2.0.5\jinput-platform-2.0.5-natives-osx.jar;C:\Users\Moi\.m2\repository\org\jcraft\jorbis\0.0.17\jorbis-0.0.17.jar;C:\Users\Moi\.m2\repository\org\slick2d\slick2d-basic-game-archetype\1.0.1\slick2d-basic-game-archetype-1.0.1.jar
Launcher Type: SUN_STANDARD

Environment Variables:
PATH=C:/Program Files/Java/jre1.8.0_66/bin/server;C:/Program Files/Java/jre1.8.0_66/bin;C:/Program Files/Java/jre1.8.0_66/lib/amd64;C:\Program Files (x86)\NVIDIA Corporation\PhysX\Common;C:\ProgramData\Oracle\Java\javapath;C:\Windows\system32;C:\Windows;C:\Windows\System32\Wbem;C:\Windows\System32\WindowsPowerShell\v1.0\;C:\Program Files (x86)\Common Files\Seagate\SnapAPI\;C:\Program Files (x86)\AMD\ATI.ACE\Core-Static;C:\Windows\system32\config\systemprofile\.dnx\bin;C:\Program Files\Microsoft DNX\Dnvm\;C:\Program Files (x86)\Microsoft SQL Server\100\Tools\Binn\;C:\Program Files\Microsoft SQL Server\100\Tools\Binn\;C:\Program Files\Microsoft SQL Server\100\DTS\Binn\;C:\Program Files (x86)\Windows Live\Shared;C:\Program Files\nodejs\;C:\Program Files (x86)\Skype\Phone\;C:\Users\Moi\AppData\Roaming\npm;C:\Windows\system32;
USERNAME=Moi
OS=Windows_NT
PROCESSOR_IDENTIFIER=Intel64 Family 6 Model 60 Stepping 3, GenuineIntel



---------------  S Y S T E M  ---------------

OS: Windows 8.1 , 64 bit Build 9600 (6.3.9600.17415)

CPU:total 4 (4 cores per cpu, 1 threads per core) family 6 model 60 stepping 3, cmov, cx8, fxsr, mmx, sse, sse2, sse3, ssse3, sse4.1, sse4.2, popcnt, avx, avx2, aes, clmul, erms, rtm, lzcnt, tsc, tscinvbit, bmi1, bmi2

Memory: 4k page, physical 8329312k(4284140k free), swap 12523616k(7279880k free)

vm_info: Java HotSpot(TM) 64-Bit Server VM (25.66-b18) for windows-amd64 JRE (1.8.0_66-b18), built on Nov  9 2015 10:51:13 by "java_re" with MS VC++ 10.0 (VS2010)

time: Sat Jan 23 17:41:25 2016
elapsed time: 29 seconds (0d 0h 0m 29s)

