#
# A fatal error has been detected by the Java Runtime Environment:
#
#  EXCEPTION_ACCESS_VIOLATION (0xc0000005) at pc=0x6d81379a, pid=3872, tid=4468
#
# JRE version: Java(TM) SE Runtime Environment (8.0_66-b18) (build 1.8.0_66-b18)
# Java VM: Java HotSpot(TM) Client VM (25.66-b18 mixed mode, sharing windows-x86 )
# Problematic frame:
# C  [OPENGL32.dll+0x9379a]
#
# Failed to write core dump. Minidumps are not enabled by default on client versions of Windows
#
# If you would like to submit a bug report, please visit:
#   http://bugreport.java.com/bugreport/crash.jsp
#

---------------  T H R E A D  ---------------

Current thread (0x00ba2800):  VMThread [stack: 0x00da0000,0x00df0000] [id=4468]

siginfo: ExceptionCode=0xc0000005, reading address 0x0000051c

Registers:
EAX=0x00275000, EBX=0x00000000, ECX=0x1caee2a8, EDX=0x00000000
ESP=0x00def65c, EBP=0x00def66c, ESI=0x1caee2a8, EDI=0x00000000
EIP=0x6d81379a, EFLAGS=0x00010202

Top of Stack: (sp=0x00def65c)
0x00def65c:   1c7522f6 00000001 1caee2b0 1caf0470
0x00def66c:   00def690 1c756973 1caee2a8 606635a9
0x00def67c:   1caf0470 00000000 00def6b0 1c828d6e
0x00def68c:   00000000 00def6bc 1c757042 1caf0470
0x00def69c:   60663585 1cae646c 7771d740 1c82e720
0x00def6ac:   1c8da2e8 00def6f4 1c829580 00000001
0x00def6bc:   00def704 1c7b0dbf 6066343d 00000000
0x00def6cc:   00000000 1c700000 1cae63d8 1cae646c 

Instructions: (pc=0x6d81379a)
0x6d81377a:   8d 9b 00 00 00 00 64 8b 15 18 00 00 00 83 3d 04
0x6d81378a:   80 83 6d 40 73 10 8b c2 03 15 90 28 85 6d 8b 12
0x6d81379a:   ff a2 1c 05 00 00 ff 35 04 80 83 6d ff 15 e0 71
0x6d8137aa:   85 6d 92 ff a2 1c 05 00 00 8d a4 24 00 00 00 00 


Register to memory mapping:

EAX=
[error occurred during error reporting (printing register info), id 0xc0000005]

Stack: [0x00da0000,0x00df0000],  sp=0x00def65c,  free space=317k
Native frames: (J=compiled Java code, j=interpreted, Vv=VM code, C=native code)
C  [OPENGL32.dll+0x9379a]
C  [ltc_game32-106568.dll+0x56973]
C  [ltc_game32-106568.dll+0x57042]
C  [ltc_game32-106568.dll+0xb0dbf]
C  [ltc_game32-106568.dll+0xb0ea8]
C  [ltc_game32-106568.dll+0xaa8ff]
C  [ltc_game32-106568.dll+0xaa96a]
C  [ntdll.dll+0x76aae]
C  [ntdll.dll+0x3aaae]
C  [ntdll.dll+0x5444c]
C  [ntdll.dll+0x54926]
C  [KERNEL32.DLL+0x27b43]
C  [msvcr100.dll+0x27997]
C  [msvcr100.dll+0x27ab0]
C  [msvcr100.dll+0x27b1d]
V  [jvm.dll+0x157632]
V  [jvm.dll+0x18118d]
V  [jvm.dll+0x1805f1]
V  [jvm.dll+0x180a07]
V  [jvm.dll+0x180c02]
V  [jvm.dll+0x1c06f6]
C  [msvcr100.dll+0x5c556]
C  [msvcr100.dll+0x5c600]
C  [KERNEL32.DLL+0x138f4]
C  [ntdll.dll+0x656c3]
C  [ntdll.dll+0x6568e]

VM_Operation (0x0070f810): Exit, mode: safepoint, requested by thread 0x00dfc000


---------------  P R O C E S S  ---------------

Java Threads: ( => current thread )
  0x158bac00 JavaThread "Thread-3" daemon [_thread_in_native, id=10088, stack(0x1bc10000,0x1bc60000)]
  0x00bd8800 JavaThread "Service Thread" daemon [_thread_blocked, id=9024, stack(0x15640000,0x15690000)]
  0x00bb9c00 JavaThread "C1 CompilerThread0" daemon [_thread_blocked, id=3708, stack(0x155b0000,0x15600000)]
  0x00bb6c00 JavaThread "Attach Listener" daemon [_thread_blocked, id=7372, stack(0x14fb0000,0x15000000)]
  0x00bb6000 JavaThread "Signal Dispatcher" daemon [_thread_blocked, id=9504, stack(0x14f20000,0x14f70000)]
  0x00bab000 JavaThread "Finalizer" daemon [_thread_blocked, id=8460, stack(0x04370000,0x043c0000)]
  0x00ba6400 JavaThread "Reference Handler" daemon [_thread_blocked, id=6864, stack(0x042e0000,0x04330000)]
  0x00dfc000 JavaThread "main" [_thread_blocked, id=9584, stack(0x006c0000,0x00710000)]

Other Threads:
=>0x00ba2800 VMThread [stack: 0x00da0000,0x00df0000] [id=4468]

VM state:at safepoint (shutting down)

VM Mutex/Monitor currently owned by a thread:  ([mutex/lock_event])
[0x00dfadd0] Threads_lock - owner thread: 0x00ba2800

Heap:
 def new generation   total 4992K, used 4148K [0x04400000, 0x04960000, 0x09950000)
  eden space 4480K,  92% used [0x04400000, 0x0480d070, 0x04860000)
  from space 512K,   0% used [0x048e0000, 0x048e0000, 0x04960000)
  to   space 512K,   0% used [0x04860000, 0x04860000, 0x048e0000)
 tenured generation   total 10944K, used 2482K [0x09950000, 0x0a400000, 0x14400000)
   the space 10944K,  22% used [0x09950000, 0x09bbcab0, 0x09bbcc00, 0x0a400000)
 Metaspace       used 1479K, capacity 3491K, committed 3520K, reserved 4480K

Card table byte_map: [0x00d10000,0x00da0000] byte_map_base: 0x00cee000

Polling page: 0x00650000

CodeCache: size=32768Kb used=1369Kb max_used=1369Kb free=31398Kb
 bounds [0x02240000, 0x02398000, 0x04240000]
 total_blobs=651 nmethods=410 adapters=172
 compilation: enabled

Compilation events (10 events):
Event: 9.183 Thread 0x00bb9c00  406             java.nio.HeapByteBuffer::_get (7 bytes)
Event: 9.183 Thread 0x00bb9c00 nmethod 406 0x02395988 code [0x02395a80, 0x02395b20]
Event: 28.203 Thread 0x00bb9c00  407             net.java.games.input.RawDevice::getHandle (5 bytes)
Event: 28.203 Thread 0x00bb9c00 nmethod 407 0x02395bc8 code [0x02395cc0, 0x02395d40]
Event: 28.702 Thread 0x00bb9c00  408             net.java.games.input.RawInputEventQueue::lookupDevice (51 bytes)
Event: 28.702 Thread 0x00bb9c00 nmethod 408 0x02395d88 code [0x02395ea0, 0x02395fe8]
Event: 33.462 Thread 0x00bb9c00  409             java.nio.Buffer::nextPutIndex (38 bytes)
Event: 33.463 Thread 0x00bb9c00 nmethod 409 0x02396108 code [0x02396210, 0x023962ec]
Event: 33.463 Thread 0x00bb9c00  410             java.nio.Buffer::nextGetIndex (38 bytes)
Event: 33.463 Thread 0x00bb9c00 nmethod 410 0x02396388 code [0x02396490, 0x0239656c]

GC Heap History (10 events):
Event: 1.563 GC heap before
{Heap before GC invocations=1 (full 0):
 def new generation   total 4928K, used 4928K [0x04400000, 0x04950000, 0x09950000)
  eden space 4416K, 100% used [0x04400000, 0x04850000, 0x04850000)
  from space 512K, 100% used [0x048d0000, 0x04950000, 0x04950000)
  to   space 512K,   0% used [0x04850000, 0x04850000, 0x048d0000)
 tenured generation   total 10944K, used 984K [0x09950000, 0x0a400000, 0x14400000)
   the space 10944K,   8% used [0x09950000, 0x09a463b8, 0x09a46400, 0x0a400000)
 Metaspace       used 1417K, capacity 3427K, committed 3520K, reserved 4480K
Event: 1.566 GC heap after
Heap after GC invocations=2 (full 0):
 def new generation   total 4928K, used 512K [0x04400000, 0x04950000, 0x09950000)
  eden space 4416K,   0% used [0x04400000, 0x04400000, 0x04850000)
  from space 512K, 100% used [0x04850000, 0x048d0000, 0x048d0000)
  to   space 512K,   0% used [0x048d0000, 0x048d0000, 0x04950000)
 tenured generation   total 10944K, used 2017K [0x09950000, 0x0a400000, 0x14400000)
   the space 10944K,  18% used [0x09950000, 0x09b48410, 0x09b48600, 0x0a400000)
 Metaspace       used 1417K, capacity 3427K, committed 3520K, reserved 4480K
}
Event: 6.152 GC heap before
{Heap before GC invocations=2 (full 0):
 def new generation   total 4928K, used 4928K [0x04400000, 0x04950000, 0x09950000)
  eden space 4416K, 100% used [0x04400000, 0x04850000, 0x04850000)
  from space 512K, 100% used [0x04850000, 0x048d0000, 0x048d0000)
  to   space 512K,   0% used [0x048d0000, 0x048d0000, 0x04950000)
 tenured generation   total 10944K, used 2017K [0x09950000, 0x0a400000, 0x14400000)
   the space 10944K,  18% used [0x09950000, 0x09b48410, 0x09b48600, 0x0a400000)
 Metaspace       used 1417K, capacity 3427K, committed 3520K, reserved 4480K
Event: 6.153 GC heap after
Heap after GC invocations=3 (full 0):
 def new generation   total 4992K, used 0K [0x04400000, 0x04960000, 0x09950000)
  eden space 4480K,   0% used [0x04400000, 0x04400000, 0x04860000)
  from space 512K,   0% used [0x04860000, 0x04860000, 0x048e0000)
  to   space 512K,   0% used [0x048e0000, 0x048e0000, 0x04960000)
 tenured generation   total 10944K, used 2482K [0x09950000, 0x0a400000, 0x14400000)
   the space 10944K,  22% used [0x09950000, 0x09bbcab0, 0x09bbcc00, 0x0a400000)
 Metaspace       used 1417K, capacity 3427K, committed 3520K, reserved 4480K
}
Event: 10.865 GC heap before
{Heap before GC invocations=3 (full 0):
 def new generation   total 4992K, used 4480K [0x04400000, 0x04960000, 0x09950000)
  eden space 4480K, 100% used [0x04400000, 0x04860000, 0x04860000)
  from space 512K,   0% used [0x04860000, 0x04860000, 0x048e0000)
  to   space 512K,   0% used [0x048e0000, 0x048e0000, 0x04960000)
 tenured generation   total 10944K, used 2482K [0x09950000, 0x0a400000, 0x14400000)
   the space 10944K,  22% used [0x09950000, 0x09bbcab0, 0x09bbcc00, 0x0a400000)
 Metaspace       used 1417K, capacity 3427K, committed 3520K, reserved 4480K
Event: 10.865 GC heap after
Heap after GC invocations=4 (full 0):
 def new generation   total 4992K, used 0K [0x04400000, 0x04960000, 0x09950000)
  eden space 4480K,   0% used [0x04400000, 0x04400000, 0x04860000)
  from space 512K,   0% used [0x048e0000, 0x048e0000, 0x04960000)
  to   space 512K,   0% used [0x04860000, 0x04860000, 0x048e0000)
 tenured generation   total 10944K, used 2482K [0x09950000, 0x0a400000, 0x14400000)
   the space 10944K,  22% used [0x09950000, 0x09bbcab0, 0x09bbcc00, 0x0a400000)
 Metaspace       used 1417K, capacity 3427K, committed 3520K, reserved 4480K
}
Event: 17.549 GC heap before
{Heap before GC invocations=4 (full 0):
 def new generation   total 4992K, used 4480K [0x04400000, 0x04960000, 0x09950000)
  eden space 4480K, 100% used [0x04400000, 0x04860000, 0x04860000)
  from space 512K,   0% used [0x048e0000, 0x048e0000, 0x04960000)
  to   space 512K,   0% used [0x04860000, 0x04860000, 0x048e0000)
 tenured generation   total 10944K, used 2482K [0x09950000, 0x0a400000, 0x14400000)
   the space 10944K,  22% used [0x09950000, 0x09bbcab0, 0x09bbcc00, 0x0a400000)
 Metaspace       used 1417K, capacity 3427K, committed 3520K, reserved 4480K
Event: 17.549 GC heap after
Heap after GC invocations=5 (full 0):
 def new generation   total 4992K, used 0K [0x04400000, 0x04960000, 0x09950000)
  eden space 4480K,   0% used [0x04400000, 0x04400000, 0x04860000)
  from space 512K,   0% used [0x04860000, 0x04860000, 0x048e0000)
  to   space 512K,   0% used [0x048e0000, 0x048e0000, 0x04960000)
 tenured generation   total 10944K, used 2482K [0x09950000, 0x0a400000, 0x14400000)
   the space 10944K,  22% used [0x09950000, 0x09bbcab0, 0x09bbcc00, 0x0a400000)
 Metaspace       used 1417K, capacity 3427K, committed 3520K, reserved 4480K
}
Event: 26.497 GC heap before
{Heap before GC invocations=5 (full 0):
 def new generation   total 4992K, used 4480K [0x04400000, 0x04960000, 0x09950000)
  eden space 4480K, 100% used [0x04400000, 0x04860000, 0x04860000)
  from space 512K,   0% used [0x04860000, 0x04860000, 0x048e0000)
  to   space 512K,   0% used [0x048e0000, 0x048e0000, 0x04960000)
 tenured generation   total 10944K, used 2482K [0x09950000, 0x0a400000, 0x14400000)
   the space 10944K,  22% used [0x09950000, 0x09bbcab0, 0x09bbcc00, 0x0a400000)
 Metaspace       used 1417K, capacity 3427K, committed 3520K, reserved 4480K
Event: 26.497 GC heap after
Heap after GC invocations=6 (full 0):
 def new generation   total 4992K, used 0K [0x04400000, 0x04960000, 0x09950000)
  eden space 4480K,   0% used [0x04400000, 0x04400000, 0x04860000)
  from space 512K,   0% used [0x048e0000, 0x048e0000, 0x04960000)
  to   space 512K,   0% used [0x04860000, 0x04860000, 0x048e0000)
 tenured generation   total 10944K, used 2482K [0x09950000, 0x0a400000, 0x14400000)
   the space 10944K,  22% used [0x09950000, 0x09bbcab0, 0x09bbcc00, 0x0a400000)
 Metaspace       used 1417K, capacity 3427K, committed 3520K, reserved 4480K
}

Deoptimization events (0 events):
No events

Internal exceptions (7 events):
Event: 0.015 Thread 0x00dfc000 Exception <a 'java/lang/NoSuchMethodError': Method sun.misc.Unsafe.defineClass(Ljava/lang/String;[BII)Ljava/lang/Class; name or signature does not match> (0x0440c8a8) thrown at [C:\re\workspace\8-2-build-windows-i586-cygwin\jdk8u66\5298\hotspot\src\share\vïtþü*rŽ?
Event: 0.015 Thread 0x00dfc000 Exception <a 'java/lang/NoSuchMethodError': Method sun.misc.Unsafe.prefetchRead(Ljava/lang/Object;J)V name or signature does not match> (0x0440cb78) thrown at [C:\re\workspace\8-2-build-windows-i586-cygwin\jdk8u66\5298\hotspot\src\share\vm\prims\jni.cpp, lWÄZ€´?
Event: 0.079 Thread 0x00dfc000 Exception <a 'java/security/PrivilegedActionException'> (0x045d28f8) thrown at [C:\re\workspace\8-2-build-windows-i586-cygwin\jdk8u66\5298\hotspot\src\share\vm\prims\jvm.cpp, line 1386]
Event: 0.079 Thread 0x00dfc000 Exception <a 'java/security/PrivilegedActionException'> (0x045d2af8) thrown at [C:\re\workspace\8-2-build-windows-i586-cygwin\jdk8u66\5298\hotspot\src\share\vm\prims\jvm.cpp, line 1386]
Event: 0.079 Thread 0x00dfc000 Exception <a 'java/security/PrivilegedActionException'> (0x045d68b8) thrown at [C:\re\workspace\8-2-build-windows-i586-cygwin\jdk8u66\5298\hotspot\src\share\vm\prims\jvm.cpp, line 1386]
Event: 0.079 Thread 0x00dfc000 Exception <a 'java/security/PrivilegedActionException'> (0x045d6ab8) thrown at [C:\re\workspace\8-2-build-windows-i586-cygwin\jdk8u66\5298\hotspot\src\share\vm\prims\jvm.cpp, line 1386]
Event: 0.083 Thread 0x00dfc000 Exception <a 'java/io/FileNotFoundException'> (0x045fe628) thrown at [C:\re\workspace\8-2-build-windows-i586-cygwin\jdk8u66\5298\hotspot\src\share\vm\prims\jni.cpp, line 709]

Events (10 events):
Event: 34.290 loading class org/lwjgl/openal/ALC10 done
Event: 34.290 loading class org/lwjgl/openal/ALC11
Event: 34.290 loading class org/lwjgl/openal/ALC11 done
Event: 34.291 loading class org/lwjgl/openal/EFX10
Event: 34.291 loading class org/lwjgl/openal/EFX10 done
Event: 34.291 Thread 0x00be9c00 Thread added: 0x00be9c00
Event: 34.291 Thread 0x00bd6800 Thread added: 0x00bd6800
Event: 34.292 Thread 0x00bd6800 Thread exited: 0x00bd6800
Event: 34.292 Thread 0x00be9c00 Thread exited: 0x00be9c00
Event: 34.292 Executing VM operation: Exit


Dynamic libraries:
0x00e00000 - 0x00e33000 	C:\Program Files (x86)\Java\jre1.8.0_66\bin\javaw.exe
0x776c0000 - 0x7783b000 	C:\Windows\SYSTEM32\ntdll.dll
0x76bf0000 - 0x76cd0000 	C:\Windows\SYSTEM32\KERNEL32.DLL
0x74960000 - 0x74ade000 	C:\Windows\SYSTEM32\KERNELBASE.dll
0x77320000 - 0x7739b000 	C:\Windows\SYSTEM32\ADVAPI32.dll
0x77400000 - 0x774be000 	C:\Windows\SYSTEM32\msvcrt.dll
0x77640000 - 0x77684000 	C:\Windows\SYSTEM32\sechost.dll
0x75320000 - 0x753cd000 	C:\Windows\SYSTEM32\RPCRT4.dll
0x743f0000 - 0x7440e000 	C:\Windows\SYSTEM32\SspiCli.dll
0x743e0000 - 0x743ea000 	C:\Windows\SYSTEM32\CRYPTBASE.dll
0x74b30000 - 0x74b88000 	C:\Windows\SYSTEM32\bcryptPrimitives.dll
0x771d0000 - 0x77317000 	C:\Windows\SYSTEM32\USER32.dll
0x74810000 - 0x7495f000 	C:\Windows\SYSTEM32\GDI32.dll
0x71e10000 - 0x7201f000 	C:\Windows\WinSxS\x86_microsoft.windows.common-controls_6595b64144ccf1df_6.0.10586.0_none_d3c2e4e965da4528\COMCTL32.dll
0x74600000 - 0x747bd000 	C:\Windows\SYSTEM32\combase.dll
0x77690000 - 0x776bb000 	C:\Windows\SYSTEM32\IMM32.DLL
0x78560000 - 0x7861f000 	C:\Program Files (x86)\Java\jre1.8.0_66\bin\msvcr100.dll
0x77c30000 - 0x77ff5000 	C:\Program Files (x86)\Java\jre1.8.0_66\bin\client\jvm.dll
0x74800000 - 0x74806000 	C:\Windows\SYSTEM32\PSAPI.DLL
0x74040000 - 0x74048000 	C:\Windows\SYSTEM32\WSOCK32.dll
0x73f50000 - 0x73f58000 	C:\Windows\SYSTEM32\VERSION.dll
0x6e810000 - 0x6e834000 	C:\Windows\SYSTEM32\WINMM.dll
0x773a0000 - 0x773ff000 	C:\Windows\SYSTEM32\WS2_32.dll
0x00690000 - 0x006b3000 	C:\Windows\SYSTEM32\WINMMBASE.dll
0x747c0000 - 0x747f7000 	C:\Windows\SYSTEM32\cfgmgr32.dll
0x67aa0000 - 0x67aac000 	C:\Program Files (x86)\Java\jre1.8.0_66\bin\verify.dll
0x5c750000 - 0x5c771000 	C:\Program Files (x86)\Java\jre1.8.0_66\bin\java.dll
0x5c730000 - 0x5c743000 	C:\Program Files (x86)\Java\jre1.8.0_66\bin\zip.dll
0x757e0000 - 0x76bdf000 	C:\Windows\SYSTEM32\SHELL32.dll
0x74cd0000 - 0x751c9000 	C:\Windows\SYSTEM32\windows.storage.dll
0x770d0000 - 0x77115000 	C:\Windows\SYSTEM32\shlwapi.dll
0x77550000 - 0x7755c000 	C:\Windows\SYSTEM32\kernel.appcore.dll
0x74c40000 - 0x74ccd000 	C:\Windows\SYSTEM32\shcore.dll
0x74ae0000 - 0x74b24000 	C:\Windows\SYSTEM32\powrprof.dll
0x771c0000 - 0x771cf000 	C:\Windows\SYSTEM32\profapi.dll
0x15920000 - 0x1596d000 	C:\Users\Aloha\git\24hcode\24hcode\target\natives\lwjgl.dll
0x6d780000 - 0x6d860000 	C:\Windows\SYSTEM32\OPENGL32.dll
0x6cc60000 - 0x6cc85000 	C:\Windows\SYSTEM32\GLU32.dll
0x6cb70000 - 0x6cc5e000 	C:\Windows\SYSTEM32\DDRAW.dll
0x6cb60000 - 0x6cb67000 	C:\Windows\SYSTEM32\DCIMAN32.dll
0x706a0000 - 0x70715000 	C:\Windows\system32\uxtheme.dll
0x76dd0000 - 0x76eef000 	C:\Windows\SYSTEM32\MSCTF.dll
0x56500000 - 0x56521000 	C:\PROGRA~2\Raptr\ltc_help32-106568.dll
0x77560000 - 0x775a2000 	C:\Windows\SYSTEM32\WINTRUST.dll
0x74c30000 - 0x74c3e000 	C:\Windows\SYSTEM32\MSASN1.dll
0x76ef0000 - 0x77068000 	C:\Windows\SYSTEM32\CRYPT32.dll
0x70610000 - 0x7062d000 	C:\Windows\system32\dwmapi.dll
0x55d90000 - 0x55da5000 	C:\Windows\SYSTEM32\atiglpxx.dll
0x682a0000 - 0x69bdb000 	C:\Windows\SYSTEM32\atioglxx.dll
0x753d0000 - 0x757db000 	C:\Windows\SYSTEM32\SETUPAPI.dll
0x52fc0000 - 0x530b5000 	C:\Windows\SYSTEM32\atiadlxy.dll
0x75230000 - 0x7531b000 	C:\Windows\SYSTEM32\ole32.dll
0x6f1c0000 - 0x6f30b000 	C:\Windows\SYSTEM32\PROPSYS.dll
0x72f70000 - 0x72f89000 	C:\Windows\SYSTEM32\USERENV.dll
0x73950000 - 0x7395f000 	C:\Windows\SYSTEM32\WTSAPI32.dll
0x77120000 - 0x771b2000 	C:\Windows\SYSTEM32\OLEAUT32.dll
0x73d10000 - 0x73d3f000 	C:\Windows\SYSTEM32\IPHLPAPI.DLL
0x159c0000 - 0x159e2000 	C:\Windows\SYSTEM32\DEVOBJ.dll
0x519e0000 - 0x51a07000 	C:\Windows\SYSTEM32\atigktxx.dll
0x650d0000 - 0x6514f000 	C:\Windows\SYSTEM32\mscms.dll
0x5e6b0000 - 0x5e6ec000 	C:\Windows\SYSTEM32\icm32.dll
0x6cdd0000 - 0x6cf15000 	C:\Program Files (x86)\Java\jre1.8.0_66\bin\awt.dll
0x70570000 - 0x70602000 	C:\Windows\system32\apphelp.dll
0x15f90000 - 0x15fa3000 	C:\Users\Aloha\git\24hcode\24hcode\target\natives\jinput-dx8.dll
0x63b70000 - 0x63ba6000 	C:\Windows\SYSTEM32\DINPUT8.dll
0x70750000 - 0x7075a000 	C:\Windows\SYSTEM32\HID.DLL
0x1bbb0000 - 0x1bbc2000 	C:\Users\Aloha\git\24hcode\24hcode\target\natives\jinput-raw.dll
0x737a0000 - 0x737b3000 	C:\Windows\SYSTEM32\CRYPTSP.dll
0x73750000 - 0x7377f000 	C:\Windows\system32\rsaenh.dll
0x73780000 - 0x7379b000 	C:\Windows\SYSTEM32\bcrypt.dll
0x77530000 - 0x7754b000 	C:\Windows\SYSTEM32\imagehlp.dll
0x709f0000 - 0x70a0f000 	C:\Windows\SYSTEM32\gpapi.dll
0x709c0000 - 0x709e5000 	C:\Windows\SYSTEM32\cryptnet.dll
0x72620000 - 0x72628000 	C:\Windows\SYSTEM32\WINNSI.DLL
0x77520000 - 0x77527000 	C:\Windows\SYSTEM32\NSI.dll
0x1c700000 - 0x1c900000 	C:\PROGRA~2\Raptr\ltc_game32-106568.dll
0x701a0000 - 0x702df000 	C:\Windows\SYSTEM32\dbghelp.dll

VM Arguments:
jvm_args: -Djava.library.path=target/natives -Dfile.encoding=UTF-8 
java_command: fr.licornesduswag.ui.MainPersonnage
java_class_path (initial): C:\Users\Aloha\git\24hcode\24hcode\target\classes;C:\Users\Aloha\.m2\repository\org\slick2d\slick2d-core\1.0.1\slick2d-core-1.0.1.jar;C:\Users\Aloha\.m2\repository\org\lwjgl\lwjgl\lwjgl\2.9.1\lwjgl-2.9.1.jar;C:\Users\Aloha\.m2\repository\org\lwjgl\lwjgl\lwjgl-platform\2.9.1\lwjgl-platform-2.9.1-natives-windows.jar;C:\Users\Aloha\.m2\repository\org\lwjgl\lwjgl\lwjgl-platform\2.9.1\lwjgl-platform-2.9.1-natives-linux.jar;C:\Users\Aloha\.m2\repository\org\lwjgl\lwjgl\lwjgl-platform\2.9.1\lwjgl-platform-2.9.1-natives-osx.jar;C:\Users\Aloha\.m2\repository\net\java\jinput\jinput\2.0.5\jinput-2.0.5.jar;C:\Users\Aloha\.m2\repository\net\java\jutils\jutils\1.0.0\jutils-1.0.0.jar;C:\Users\Aloha\.m2\repository\net\java\jinput\jinput-platform\2.0.5\jinput-platform-2.0.5-natives-linux.jar;C:\Users\Aloha\.m2\repository\net\java\jinput\jinput-platform\2.0.5\jinput-platform-2.0.5-natives-windows.jar;C:\Users\Aloha\.m2\repository\net\java\jinput\jinput-platform\2.0.5\jinput-platform-2.0.5-natives-osx.jar;C:\Users\Aloha\.m2\repository\org\jcraft\jorbis\0.0.17\jorbis-0.0.17.jar;C:\Users\Aloha\.m2\repository\org\slick2d\slick2d-basic-game-archetype\1.0.1\slick2d-basic-game-archetype-1.0.1.jar;C:\Users\Aloha\.m2\repository\io\herrmann\java-generator-functions\1.0\java-generator-functions-1.0.jar
Launcher Type: SUN_STANDARD

Environment Variables:
PATH=C:/Program Files (x86)/Java/jre1.8.0_66/bin/client;C:/Program Files (x86)/Java/jre1.8.0_66/bin;C:/Program Files (x86)/Java/jre1.8.0_66/lib/i386;C:\ProgramData\Oracle\Java\javapath;C:\Windows\system32;C:\Windows;C:\Windows\System32\Wbem;C:\Windows\System32\WindowsPowerShell\v1.0\;C:\Program Files (x86)\ATI Technologies\ATI.ACE\Core-Static;C:\Program Files (x86)\Skype\Phone\;D:\Eclipse\eclipse-jee-mars-1-win32\eclipse;
USERNAME=Aloha
OS=Windows_NT
PROCESSOR_IDENTIFIER=Intel64 Family 6 Model 60 Stepping 3, GenuineIntel



---------------  S Y S T E M  ---------------

OS: Windows 10.0 , 64 bit Build 10586 (10.0.10586.0)

CPU:total 4 (4 cores per cpu, 1 threads per core) family 6 model 60 stepping 3, cmov, cx8, fxsr, mmx, sse, sse2, sse3, ssse3, sse4.1, sse4.2, popcnt, avx, avx2, aes, clmul, erms, lzcnt, tsc, tscinvbit, bmi1, bmi2

Memory: 4k page, physical 8329500k(4315140k free), swap 9640220k(3830500k free)

vm_info: Java HotSpot(TM) Client VM (25.66-b18) for windows-x86 JRE (1.8.0_66-b18), built on Nov  9 2015 10:58:29 by "java_re" with MS VC++ 10.0 (VS2010)

time: Sat Jan 23 22:36:10 2016
elapsed time: 34 seconds (0d 0h 0m 34s)

