#
# A fatal error has been detected by the Java Runtime Environment:
#
#  EXCEPTION_ACCESS_VIOLATION (0xc0000005) at pc=0x6d81379a, pid=9764, tid=8896
#
# JRE version: Java(TM) SE Runtime Environment (8.0_66-b18) (build 1.8.0_66-b18)
# Java VM: Java HotSpot(TM) Client VM (25.66-b18 mixed mode, sharing windows-x86 )
# Problematic frame:
# C  [OPENGL32.dll+0x9379a]
#
# Failed to write core dump. Minidumps are not enabled by default on client versions of Windows
#
# If you would like to submit a bug report, please visit:
#   http://bugreport.java.com/bugreport/crash.jsp
#

---------------  T H R E A D  ---------------

Current thread (0x00b42800):  VMThread [stack: 0x04240000,0x04290000] [id=8896]

siginfo: ExceptionCode=0xc0000005, reading address 0x0000051c

Registers:
EAX=0x00215000, EBX=0x00000000, ECX=0x1d09e180, EDX=0x00000000
ESP=0x0428f6fc, EBP=0x0428f70c, ESI=0x1d09e180, EDI=0x00000000
EIP=0x6d81379a, EFLAGS=0x00010202

Top of Stack: (sp=0x0428f6fc)
0x0428f6fc:   1d1122f6 00000001 1d09e188 1d09ec98
0x0428f70c:   0428f730 1d116973 1d09e180 86db2a7c
0x0428f71c:   1d09ec98 00000000 0428f750 1d1e8d6e
0x0428f72c:   00000000 0428f75c 1d117042 1d09ec98
0x0428f73c:   86db2a10 1d0963ec 7771d740 1d1ee720
0x0428f74c:   1d29a2e8 0428f794 1d1e9580 00000001
0x0428f75c:   0428f7a4 1d170dbf 86db2ae8 00000000
0x0428f76c:   00000000 1d0c0000 1d096358 1d0963ec 

Instructions: (pc=0x6d81379a)
0x6d81377a:   8d 9b 00 00 00 00 64 8b 15 18 00 00 00 83 3d 04
0x6d81378a:   80 83 6d 40 73 10 8b c2 03 15 90 28 85 6d 8b 12
0x6d81379a:   ff a2 1c 05 00 00 ff 35 04 80 83 6d ff 15 e0 71
0x6d8137aa:   85 6d 92 ff a2 1c 05 00 00 8d a4 24 00 00 00 00 


Register to memory mapping:

EAX=
[error occurred during error reporting (printing register info), id 0xc0000005]

Stack: [0x04240000,0x04290000],  sp=0x0428f6fc,  free space=317k
Native frames: (J=compiled Java code, j=interpreted, Vv=VM code, C=native code)
C  [OPENGL32.dll+0x9379a]
C  [ltc_game32-106568.dll+0x56973]
C  [ltc_game32-106568.dll+0x57042]
C  [ltc_game32-106568.dll+0xb0dbf]
C  [ltc_game32-106568.dll+0xb0ea8]
C  [ltc_game32-106568.dll+0xaa8ff]
C  [ltc_game32-106568.dll+0xaa96a]
C  [ntdll.dll+0x76aae]
C  [ntdll.dll+0x3aaae]
C  [ntdll.dll+0x5444c]
C  [ntdll.dll+0x54926]
C  [KERNEL32.DLL+0x27b43]
C  [msvcr100.dll+0x27997]
C  [msvcr100.dll+0x27ab0]
C  [msvcr100.dll+0x27b1d]
V  [jvm.dll+0x157632]
V  [jvm.dll+0x18118d]
V  [jvm.dll+0x1805f1]
V  [jvm.dll+0x180a07]
V  [jvm.dll+0x180c02]
V  [jvm.dll+0x1c06f6]
C  [msvcr100.dll+0x5c556]
C  [msvcr100.dll+0x5c600]
C  [KERNEL32.DLL+0x138f4]
C  [ntdll.dll+0x656c3]
C  [ntdll.dll+0x6568e]

VM_Operation (0x0096f500): Exit, mode: safepoint, requested by thread 0x009ec400


---------------  P R O C E S S  ---------------

Java Threads: ( => current thread )
  0x1575c800 JavaThread "AWT-Shutdown" [_thread_blocked, id=6372, stack(0x1e960000,0x1e9b0000)]
  0x1b8c1c00 JavaThread "Java2D Disposer" daemon [_thread_blocked, id=7392, stack(0x1bca0000,0x1bcf0000)]
  0x158b8c00 JavaThread "Thread-3" daemon [_thread_in_native, id=9528, stack(0x1b7d0000,0x1b820000)]
  0x00b7a000 JavaThread "Service Thread" daemon [_thread_blocked, id=1016, stack(0x15600000,0x15650000)]
  0x00b5bc00 JavaThread "C1 CompilerThread0" daemon [_thread_blocked, id=760, stack(0x15570000,0x155c0000)]
  0x00b58800 JavaThread "Attach Listener" daemon [_thread_blocked, id=9332, stack(0x14f60000,0x14fb0000)]
  0x00b57c00 JavaThread "Signal Dispatcher" daemon [_thread_blocked, id=8016, stack(0x043b0000,0x04400000)]
  0x00b47800 JavaThread "Finalizer" daemon [_thread_blocked, id=8452, stack(0x04320000,0x04370000)]
  0x00b46000 JavaThread "Reference Handler" daemon [_thread_blocked, id=2300, stack(0x04290000,0x042e0000)]
  0x009ec400 JavaThread "main" [_thread_blocked, id=4500, stack(0x00920000,0x00970000)]

Other Threads:
=>0x00b42800 VMThread [stack: 0x04240000,0x04290000] [id=8896]

VM state:at safepoint (shutting down)

VM Mutex/Monitor currently owned by a thread:  ([mutex/lock_event])
[0x009ea818] Threads_lock - owner thread: 0x00b42800

Heap:
 def new generation   total 4928K, used 2430K [0x04400000, 0x04950000, 0x09950000)
  eden space 4416K,  52% used [0x04400000, 0x0463ebe8, 0x04850000)
  from space 512K,  25% used [0x04850000, 0x04870fc8, 0x048d0000)
  to   space 512K,   0% used [0x048d0000, 0x048d0000, 0x04950000)
 tenured generation   total 10944K, used 6337K [0x09950000, 0x0a400000, 0x14400000)
   the space 10944K,  57% used [0x09950000, 0x09f80638, 0x09f80800, 0x0a400000)
 Metaspace       used 2232K, capacity 3700K, committed 3776K, reserved 4480K

Card table byte_map: [0x00cd0000,0x00d60000] byte_map_base: 0x00cae000

Polling page: 0x009f0000

CodeCache: size=32768Kb used=1542Kb max_used=1542Kb free=31226Kb
 bounds [0x02240000, 0x023c8000, 0x04240000]
 total_blobs=886 nmethods=593 adapters=224
 compilation: enabled

Compilation events (10 events):
Event: 3.001 Thread 0x00b5bc00  594             org.lwjgl.opengl.WindowsDisplay::doHandleMessage (966 bytes)
Event: 3.002 Thread 0x00b5bc00 nmethod 594 0x023bee88 code [0x023bf180, 0x023c0370]
Event: 3.285 Thread 0x00b5bc00  595 % !         org.newdawn.slick.AppGameContainer::start @ 9 (49 bytes)
Event: 3.286 Thread 0x00b5bc00 nmethod 595% 0x0230f708 code [0x0230f8a0, 0x0230fd7c]
Event: 21.086 Thread 0x00b5bc00  596             java.nio.HeapByteBuffer::getInt (18 bytes)
Event: 21.086 Thread 0x00b5bc00 nmethod 596 0x023c1008 code [0x023c1130, 0x023c12d4]
Event: 21.669 Thread 0x00b5bc00  597             java.nio.HeapByteBuffer::putInt (20 bytes)
Event: 21.669 Thread 0x00b5bc00 nmethod 597 0x023c1588 code [0x023c16a0, 0x023c17a4]
Event: 21.692 Thread 0x00b5bc00  598             java.util.concurrent.ConcurrentHashMap::putIfAbsent (8 bytes)
Event: 21.692 Thread 0x00b5bc00 nmethod 598 0x023c1888 code [0x023c1980, 0x023c1a1c]

GC Heap History (10 events):
Event: 1.532 GC heap before
{Heap before GC invocations=7 (full 0):
 def new generation   total 4928K, used 4543K [0x04400000, 0x04950000, 0x09950000)
  eden space 4416K, 100% used [0x04400000, 0x04850000, 0x04850000)
  from space 512K,  24% used [0x048d0000, 0x048efc58, 0x04950000)
  to   space 512K,   0% used [0x04850000, 0x04850000, 0x048d0000)
 tenured generation   total 10944K, used 6337K [0x09950000, 0x0a400000, 0x14400000)
   the space 10944K,  57% used [0x09950000, 0x09f80638, 0x09f80800, 0x0a400000)
 Metaspace       used 2161K, capacity 3636K, committed 3648K, reserved 4480K
Event: 1.533 GC heap after
Heap after GC invocations=8 (full 0):
 def new generation   total 4928K, used 136K [0x04400000, 0x04950000, 0x09950000)
  eden space 4416K,   0% used [0x04400000, 0x04400000, 0x04850000)
  from space 512K,  26% used [0x04850000, 0x04872360, 0x048d0000)
  to   space 512K,   0% used [0x048d0000, 0x048d0000, 0x04950000)
 tenured generation   total 10944K, used 6337K [0x09950000, 0x0a400000, 0x14400000)
   the space 10944K,  57% used [0x09950000, 0x09f80638, 0x09f80800, 0x0a400000)
 Metaspace       used 2161K, capacity 3636K, committed 3648K, reserved 4480K
}
Event: 5.273 GC heap before
{Heap before GC invocations=8 (full 0):
 def new generation   total 4928K, used 4552K [0x04400000, 0x04950000, 0x09950000)
  eden space 4416K, 100% used [0x04400000, 0x04850000, 0x04850000)
  from space 512K,  26% used [0x04850000, 0x04872360, 0x048d0000)
  to   space 512K,   0% used [0x048d0000, 0x048d0000, 0x04950000)
 tenured generation   total 10944K, used 6337K [0x09950000, 0x0a400000, 0x14400000)
   the space 10944K,  57% used [0x09950000, 0x09f80638, 0x09f80800, 0x0a400000)
 Metaspace       used 2168K, capacity 3668K, committed 3776K, reserved 4480K
Event: 5.274 GC heap after
Heap after GC invocations=9 (full 0):
 def new generation   total 4928K, used 140K [0x04400000, 0x04950000, 0x09950000)
  eden space 4416K,   0% used [0x04400000, 0x04400000, 0x04850000)
  from space 512K,  27% used [0x048d0000, 0x048f33d0, 0x04950000)
  to   space 512K,   0% used [0x04850000, 0x04850000, 0x048d0000)
 tenured generation   total 10944K, used 6337K [0x09950000, 0x0a400000, 0x14400000)
   the space 10944K,  57% used [0x09950000, 0x09f80638, 0x09f80800, 0x0a400000)
 Metaspace       used 2168K, capacity 3668K, committed 3776K, reserved 4480K
}
Event: 8.861 GC heap before
{Heap before GC invocations=9 (full 0):
 def new generation   total 4928K, used 4556K [0x04400000, 0x04950000, 0x09950000)
  eden space 4416K, 100% used [0x04400000, 0x04850000, 0x04850000)
  from space 512K,  27% used [0x048d0000, 0x048f33d0, 0x04950000)
  to   space 512K,   0% used [0x04850000, 0x04850000, 0x048d0000)
 tenured generation   total 10944K, used 6337K [0x09950000, 0x0a400000, 0x14400000)
   the space 10944K,  57% used [0x09950000, 0x09f80638, 0x09f80800, 0x0a400000)
 Metaspace       used 2168K, capacity 3668K, committed 3776K, reserved 4480K
Event: 8.862 GC heap after
Heap after GC invocations=10 (full 0):
 def new generation   total 4928K, used 131K [0x04400000, 0x04950000, 0x09950000)
  eden space 4416K,   0% used [0x04400000, 0x04400000, 0x04850000)
  from space 512K,  25% used [0x04850000, 0x04870fc8, 0x048d0000)
  to   space 512K,   0% used [0x048d0000, 0x048d0000, 0x04950000)
 tenured generation   total 10944K, used 6337K [0x09950000, 0x0a400000, 0x14400000)
   the space 10944K,  57% used [0x09950000, 0x09f80638, 0x09f80800, 0x0a400000)
 Metaspace       used 2168K, capacity 3668K, committed 3776K, reserved 4480K
}
Event: 12.457 GC heap before
{Heap before GC invocations=10 (full 0):
 def new generation   total 4928K, used 4547K [0x04400000, 0x04950000, 0x09950000)
  eden space 4416K, 100% used [0x04400000, 0x04850000, 0x04850000)
  from space 512K,  25% used [0x04850000, 0x04870fc8, 0x048d0000)
  to   space 512K,   0% used [0x048d0000, 0x048d0000, 0x04950000)
 tenured generation   total 10944K, used 6337K [0x09950000, 0x0a400000, 0x14400000)
   the space 10944K,  57% used [0x09950000, 0x09f80638, 0x09f80800, 0x0a400000)
 Metaspace       used 2168K, capacity 3668K, committed 3776K, reserved 4480K
Event: 12.458 GC heap after
Heap after GC invocations=11 (full 0):
 def new generation   total 4928K, used 131K [0x04400000, 0x04950000, 0x09950000)
  eden space 4416K,   0% used [0x04400000, 0x04400000, 0x04850000)
  from space 512K,  25% used [0x048d0000, 0x048f0fc8, 0x04950000)
  to   space 512K,   0% used [0x04850000, 0x04850000, 0x048d0000)
 tenured generation   total 10944K, used 6337K [0x09950000, 0x0a400000, 0x14400000)
   the space 10944K,  57% used [0x09950000, 0x09f80638, 0x09f80800, 0x0a400000)
 Metaspace       used 2168K, capacity 3668K, committed 3776K, reserved 4480K
}
Event: 18.440 GC heap before
{Heap before GC invocations=11 (full 0):
 def new generation   total 4928K, used 4547K [0x04400000, 0x04950000, 0x09950000)
  eden space 4416K, 100% used [0x04400000, 0x04850000, 0x04850000)
  from space 512K,  25% used [0x048d0000, 0x048f0fc8, 0x04950000)
  to   space 512K,   0% used [0x04850000, 0x04850000, 0x048d0000)
 tenured generation   total 10944K, used 6337K [0x09950000, 0x0a400000, 0x14400000)
   the space 10944K,  57% used [0x09950000, 0x09f80638, 0x09f80800, 0x0a400000)
 Metaspace       used 2168K, capacity 3668K, committed 3776K, reserved 4480K
Event: 18.441 GC heap after
Heap after GC invocations=12 (full 0):
 def new generation   total 4928K, used 131K [0x04400000, 0x04950000, 0x09950000)
  eden space 4416K,   0% used [0x04400000, 0x04400000, 0x04850000)
  from space 512K,  25% used [0x04850000, 0x04870fc8, 0x048d0000)
  to   space 512K,   0% used [0x048d0000, 0x048d0000, 0x04950000)
 tenured generation   total 10944K, used 6337K [0x09950000, 0x0a400000, 0x14400000)
   the space 10944K,  57% used [0x09950000, 0x09f80638, 0x09f80800, 0x0a400000)
 Metaspace       used 2168K, capacity 3668K, committed 3776K, reserved 4480K
}

Deoptimization events (0 events):
No events

Internal exceptions (10 events):
Event: 0.187 Thread 0x009ec400 Exception <a 'java/security/PrivilegedActionException'> (0x044bb6f0) thrown at [C:\re\workspace\8-2-build-windows-i586-cygwin\jdk8u66\5298\hotspot\src\share\vm\prims\jvm.cpp, line 1386]
Event: 0.187 Thread 0x009ec400 Exception <a 'java/security/PrivilegedActionException'> (0x044bf4b0) thrown at [C:\re\workspace\8-2-build-windows-i586-cygwin\jdk8u66\5298\hotspot\src\share\vm\prims\jvm.cpp, line 1386]
Event: 0.187 Thread 0x009ec400 Exception <a 'java/security/PrivilegedActionException'> (0x044bf6b0) thrown at [C:\re\workspace\8-2-build-windows-i586-cygwin\jdk8u66\5298\hotspot\src\share\vm\prims\jvm.cpp, line 1386]
Event: 0.188 Thread 0x009ec400 Exception <a 'java/io/FileNotFoundException'> (0x044c0690) thrown at [C:\re\workspace\8-2-build-windows-i586-cygwin\jdk8u66\5298\hotspot\src\share\vm\prims\jni.cpp, line 709]
Event: 0.502 Thread 0x009ec400 Exception <a 'java/io/FileNotFoundException'> (0x045cb8b0) thrown at [C:\re\workspace\8-2-build-windows-i586-cygwin\jdk8u66\5298\hotspot\src\share\vm\prims\jni.cpp, line 709]
Event: 0.519 Thread 0x009ec400 Exception <a 'java/lang/NoSuchFieldError': method resolution failed> (0x04688878) thrown at [C:\re\workspace\8-2-build-windows-i586-cygwin\jdk8u66\5298\hotspot\src\share\vm\prims\methodHandles.cpp, line 1146]
Event: 0.520 Thread 0x009ec400 Exception <a 'java/lang/NoSuchFieldError': method resolution failed> (0x04694968) thrown at [C:\re\workspace\8-2-build-windows-i586-cygwin\jdk8u66\5298\hotspot\src\share\vm\prims\methodHandles.cpp, line 1146]
Event: 0.604 Thread 0x009ec400 Exception <a 'java/io/FileNotFoundException'> (0x0451bc58) thrown at [C:\re\workspace\8-2-build-windows-i586-cygwin\jdk8u66\5298\hotspot\src\share\vm\prims\jni.cpp, line 709]
Event: 21.669 Thread 0x009ec400 Implicit null exception at 0x022f555b to 0x022f594c
Event: 21.669 Thread 0x009ec400 Exception <a 'java/lang/NullPointerException'> (0x045d0ad0) thrown at [C:\re\workspace\8-2-build-windows-i586-cygwin\jdk8u66\5298\hotspot\src\share\vm\runtime\sharedRuntime.cpp, line 605]

Events (10 events):
Event: 21.694 loading class sun/font/SunFontManager$8$1 done
Event: 21.694 Thread 0x1575c800 Thread added: 0x1575c800
Event: 21.694 Thread 0x15858000 Thread exited: 0x15858000
Event: 21.695 loading class sun/java2d/pipe/hw/AccelDeviceEventNotifier
Event: 21.695 loading class sun/java2d/pipe/hw/AccelDeviceEventNotifier done
Event: 21.696 Thread 0x1ba3a800 Thread exited: 0x1ba3a800
Event: 21.696 Thread 0x1ba3a000 Thread exited: 0x1ba3a000
Event: 21.713 Thread 0x1b8d2400 Thread exited: 0x1b8d2400
Event: 21.795 Thread 0x1ba39800 Thread exited: 0x1ba39800
Event: 21.795 Executing VM operation: Exit


Dynamic libraries:
0x00e00000 - 0x00e33000 	C:\Program Files (x86)\Java\jre1.8.0_66\bin\javaw.exe
0x776c0000 - 0x7783b000 	C:\Windows\SYSTEM32\ntdll.dll
0x76bf0000 - 0x76cd0000 	C:\Windows\SYSTEM32\KERNEL32.DLL
0x74960000 - 0x74ade000 	C:\Windows\SYSTEM32\KERNELBASE.dll
0x77320000 - 0x7739b000 	C:\Windows\SYSTEM32\ADVAPI32.dll
0x77400000 - 0x774be000 	C:\Windows\SYSTEM32\msvcrt.dll
0x77640000 - 0x77684000 	C:\Windows\SYSTEM32\sechost.dll
0x75320000 - 0x753cd000 	C:\Windows\SYSTEM32\RPCRT4.dll
0x743f0000 - 0x7440e000 	C:\Windows\SYSTEM32\SspiCli.dll
0x743e0000 - 0x743ea000 	C:\Windows\SYSTEM32\CRYPTBASE.dll
0x74b30000 - 0x74b88000 	C:\Windows\SYSTEM32\bcryptPrimitives.dll
0x771d0000 - 0x77317000 	C:\Windows\SYSTEM32\USER32.dll
0x74810000 - 0x7495f000 	C:\Windows\SYSTEM32\GDI32.dll
0x71e10000 - 0x7201f000 	C:\Windows\WinSxS\x86_microsoft.windows.common-controls_6595b64144ccf1df_6.0.10586.0_none_d3c2e4e965da4528\COMCTL32.dll
0x74600000 - 0x747bd000 	C:\Windows\SYSTEM32\combase.dll
0x77690000 - 0x776bb000 	C:\Windows\SYSTEM32\IMM32.DLL
0x78a80000 - 0x78b3f000 	C:\Program Files (x86)\Java\jre1.8.0_66\bin\msvcr100.dll
0x77c30000 - 0x77ff5000 	C:\Program Files (x86)\Java\jre1.8.0_66\bin\client\jvm.dll
0x74800000 - 0x74806000 	C:\Windows\SYSTEM32\PSAPI.DLL
0x74040000 - 0x74048000 	C:\Windows\SYSTEM32\WSOCK32.dll
0x6e810000 - 0x6e834000 	C:\Windows\SYSTEM32\WINMM.dll
0x73f50000 - 0x73f58000 	C:\Windows\SYSTEM32\VERSION.dll
0x773a0000 - 0x773ff000 	C:\Windows\SYSTEM32\WS2_32.dll
0x6e7d0000 - 0x6e7f3000 	C:\Windows\SYSTEM32\WINMMBASE.dll
0x747c0000 - 0x747f7000 	C:\Windows\SYSTEM32\cfgmgr32.dll
0x67aa0000 - 0x67aac000 	C:\Program Files (x86)\Java\jre1.8.0_66\bin\verify.dll
0x5c750000 - 0x5c771000 	C:\Program Files (x86)\Java\jre1.8.0_66\bin\java.dll
0x5c730000 - 0x5c743000 	C:\Program Files (x86)\Java\jre1.8.0_66\bin\zip.dll
0x757e0000 - 0x76bdf000 	C:\Windows\SYSTEM32\SHELL32.dll
0x74cd0000 - 0x751c9000 	C:\Windows\SYSTEM32\windows.storage.dll
0x770d0000 - 0x77115000 	C:\Windows\SYSTEM32\shlwapi.dll
0x77550000 - 0x7755c000 	C:\Windows\SYSTEM32\kernel.appcore.dll
0x74c40000 - 0x74ccd000 	C:\Windows\SYSTEM32\shcore.dll
0x74ae0000 - 0x74b24000 	C:\Windows\SYSTEM32\powrprof.dll
0x771c0000 - 0x771cf000 	C:\Windows\SYSTEM32\profapi.dll
0x158e0000 - 0x1592d000 	C:\Users\Aloha\git\24hcode\24hcode\target\natives\lwjgl.dll
0x6d780000 - 0x6d860000 	C:\Windows\SYSTEM32\OPENGL32.dll
0x6cb70000 - 0x6cc5e000 	C:\Windows\SYSTEM32\DDRAW.dll
0x6cc60000 - 0x6cc85000 	C:\Windows\SYSTEM32\GLU32.dll
0x6cb60000 - 0x6cb67000 	C:\Windows\SYSTEM32\DCIMAN32.dll
0x706a0000 - 0x70715000 	C:\Windows\system32\uxtheme.dll
0x76dd0000 - 0x76eef000 	C:\Windows\SYSTEM32\MSCTF.dll
0x56500000 - 0x56521000 	C:\PROGRA~2\Raptr\ltc_help32-106568.dll
0x77560000 - 0x775a2000 	C:\Windows\SYSTEM32\WINTRUST.dll
0x74c30000 - 0x74c3e000 	C:\Windows\SYSTEM32\MSASN1.dll
0x76ef0000 - 0x77068000 	C:\Windows\SYSTEM32\CRYPT32.dll
0x70610000 - 0x7062d000 	C:\Windows\system32\dwmapi.dll
0x50020000 - 0x50035000 	C:\Windows\SYSTEM32\atiglpxx.dll
0x68130000 - 0x69a6b000 	C:\Windows\SYSTEM32\atioglxx.dll
0x753d0000 - 0x757db000 	C:\Windows\SYSTEM32\SETUPAPI.dll
0x52fc0000 - 0x530b5000 	C:\Windows\SYSTEM32\atiadlxy.dll
0x75230000 - 0x7531b000 	C:\Windows\SYSTEM32\ole32.dll
0x72f70000 - 0x72f89000 	C:\Windows\SYSTEM32\USERENV.dll
0x6f1c0000 - 0x6f30b000 	C:\Windows\SYSTEM32\PROPSYS.dll
0x73950000 - 0x7395f000 	C:\Windows\SYSTEM32\WTSAPI32.dll
0x77120000 - 0x771b2000 	C:\Windows\SYSTEM32\OLEAUT32.dll
0x73d10000 - 0x73d3f000 	C:\Windows\SYSTEM32\IPHLPAPI.DLL
0x15a70000 - 0x15a92000 	C:\Windows\SYSTEM32\DEVOBJ.dll
0x519e0000 - 0x51a07000 	C:\Windows\SYSTEM32\atigktxx.dll
0x650d0000 - 0x6514f000 	C:\Windows\SYSTEM32\mscms.dll
0x5dba0000 - 0x5dbdc000 	C:\Windows\SYSTEM32\icm32.dll
0x6c3a0000 - 0x6c4e5000 	C:\Program Files (x86)\Java\jre1.8.0_66\bin\awt.dll
0x70570000 - 0x70602000 	C:\Windows\system32\apphelp.dll
0x15dc0000 - 0x15dd3000 	C:\Users\Aloha\git\24hcode\24hcode\target\natives\jinput-dx8.dll
0x63b70000 - 0x63ba6000 	C:\Windows\SYSTEM32\DINPUT8.dll
0x70750000 - 0x7075a000 	C:\Windows\SYSTEM32\HID.DLL
0x1b770000 - 0x1b782000 	C:\Users\Aloha\git\24hcode\24hcode\target\natives\jinput-raw.dll
0x737a0000 - 0x737b3000 	C:\Windows\SYSTEM32\CRYPTSP.dll
0x73750000 - 0x7377f000 	C:\Windows\system32\rsaenh.dll
0x73780000 - 0x7379b000 	C:\Windows\SYSTEM32\bcrypt.dll
0x5c710000 - 0x5c726000 	C:\Program Files (x86)\Java\jre1.8.0_66\bin\net.dll
0x726a0000 - 0x726ef000 	C:\Windows\system32\mswsock.dll
0x77520000 - 0x77527000 	C:\Windows\SYSTEM32\NSI.dll
0x72740000 - 0x72753000 	C:\Windows\SYSTEM32\dhcpcsvc6.DLL
0x726f0000 - 0x72704000 	C:\Windows\SYSTEM32\dhcpcsvc.DLL
0x63db0000 - 0x63dbf000 	C:\Program Files (x86)\Java\jre1.8.0_66\bin\nio.dll
0x6d120000 - 0x6d159000 	C:\Program Files (x86)\Java\jre1.8.0_66\bin\fontmanager.dll
0x6e840000 - 0x6ea0b000 	C:\Windows\system32\d3d9.dll
0x6f6f0000 - 0x6f720000 	C:\Program Files (x86)\Java\jre1.8.0_66\bin\t2k.dll
0x77530000 - 0x7754b000 	C:\Windows\SYSTEM32\imagehlp.dll
0x709f0000 - 0x70a0f000 	C:\Windows\SYSTEM32\gpapi.dll
0x709c0000 - 0x709e5000 	C:\Windows\SYSTEM32\cryptnet.dll
0x72620000 - 0x72628000 	C:\Windows\SYSTEM32\WINNSI.DLL
0x1d0c0000 - 0x1d2c0000 	C:\PROGRA~2\Raptr\ltc_game32-106568.dll
0x701a0000 - 0x702df000 	C:\Windows\SYSTEM32\dbghelp.dll

VM Arguments:
jvm_args: -Djava.library.path=target/natives -Dfile.encoding=UTF-8 
java_command: fr.licornesduswag.ui.Main
java_class_path (initial): C:\Users\Aloha\git\24hcode\24hcode\target\classes;C:\Users\Aloha\.m2\repository\org\slick2d\slick2d-core\1.0.1\slick2d-core-1.0.1.jar;C:\Users\Aloha\.m2\repository\org\lwjgl\lwjgl\lwjgl\2.9.1\lwjgl-2.9.1.jar;C:\Users\Aloha\.m2\repository\org\lwjgl\lwjgl\lwjgl-platform\2.9.1\lwjgl-platform-2.9.1-natives-windows.jar;C:\Users\Aloha\.m2\repository\org\lwjgl\lwjgl\lwjgl-platform\2.9.1\lwjgl-platform-2.9.1-natives-linux.jar;C:\Users\Aloha\.m2\repository\org\lwjgl\lwjgl\lwjgl-platform\2.9.1\lwjgl-platform-2.9.1-natives-osx.jar;C:\Users\Aloha\.m2\repository\net\java\jinput\jinput\2.0.5\jinput-2.0.5.jar;C:\Users\Aloha\.m2\repository\net\java\jutils\jutils\1.0.0\jutils-1.0.0.jar;C:\Users\Aloha\.m2\repository\net\java\jinput\jinput-platform\2.0.5\jinput-platform-2.0.5-natives-linux.jar;C:\Users\Aloha\.m2\repository\net\java\jinput\jinput-platform\2.0.5\jinput-platform-2.0.5-natives-windows.jar;C:\Users\Aloha\.m2\repository\net\java\jinput\jinput-platform\2.0.5\jinput-platform-2.0.5-natives-osx.jar;C:\Users\Aloha\.m2\repository\org\jcraft\jorbis\0.0.17\jorbis-0.0.17.jar;C:\Users\Aloha\.m2\repository\org\slick2d\slick2d-basic-game-archetype\1.0.1\slick2d-basic-game-archetype-1.0.1.jar
Launcher Type: SUN_STANDARD

Environment Variables:
PATH=C:/Program Files (x86)/Java/jre1.8.0_66/bin/client;C:/Program Files (x86)/Java/jre1.8.0_66/bin;C:/Program Files (x86)/Java/jre1.8.0_66/lib/i386;C:\ProgramData\Oracle\Java\javapath;C:\Windows\system32;C:\Windows;C:\Windows\System32\Wbem;C:\Windows\System32\WindowsPowerShell\v1.0\;C:\Program Files (x86)\ATI Technologies\ATI.ACE\Core-Static;C:\Program Files (x86)\Skype\Phone\;D:\Eclipse\eclipse-jee-mars-1-win32\eclipse;
USERNAME=Aloha
OS=Windows_NT
PROCESSOR_IDENTIFIER=Intel64 Family 6 Model 60 Stepping 3, GenuineIntel



---------------  S Y S T E M  ---------------

OS: Windows 10.0 , 64 bit Build 10586 (10.0.10586.0)

CPU:total 4 (4 cores per cpu, 1 threads per core) family 6 model 60 stepping 3, cmov, cx8, fxsr, mmx, sse, sse2, sse3, ssse3, sse4.1, sse4.2, popcnt, avx, avx2, aes, clmul, erms, lzcnt, tsc, tscinvbit, bmi1, bmi2

Memory: 4k page, physical 8329500k(4418040k free), swap 9640220k(3972672k free)

vm_info: Java HotSpot(TM) Client VM (25.66-b18) for windows-x86 JRE (1.8.0_66-b18), built on Nov  9 2015 10:58:29 by "java_re" with MS VC++ 10.0 (VS2010)

time: Sat Jan 23 17:58:19 2016
elapsed time: 22 seconds (0d 0h 0m 22s)

